#
# There is insufficient memory for the Java Runtime Environment to continue.
# Native memory allocation (malloc) failed to allocate 1066928 bytes. Error detail: Chunk::new
# Possible reasons:
#   The system is out of physical RAM or swap space
#   This process is running with CompressedOops enabled, and the Java Heap may be blocking the growth of the native heap
# Possible solutions:
#   Reduce memory load on the system
#   Increase physical memory or swap space
#   Check if swap backing store is full
#   Decrease Java heap size (-Xmx/-Xms)
#   Decrease number of Java threads
#   Decrease Java thread stack sizes (-Xss)
#   Set larger code cache with -XX:ReservedCodeCacheSize=
#   JVM is running with Unscaled Compressed Oops mode in which the Java heap is
#     placed in the first 4GB address space. The Java Heap base address is the
#     maximum limit for the native heap growth. Please use -XX:HeapBaseMinAddress
#     to set the Java Heap base and to place the Java Heap above 4GB virtual address.
# This output file may be truncated or incomplete.
#
#  Out of Memory Error (arena.cpp:168), pid=22560, tid=24236
#
# JRE version: OpenJDK Runtime Environment Temurin-21.0.10+7 (21.0.10+7) (build 21.0.10+7-LTS)
# Java VM: OpenJDK 64-Bit Server VM Temurin-21.0.10+7 (21.0.10+7-LTS, mixed mode, sharing, tiered, compressed oops, compressed class ptrs, g1 gc, windows-amd64)
# No core dump will be written. Minidumps are not enabled by default on client versions of Windows
#

---------------  S U M M A R Y ------------

Command Line: --add-opens=java.base/java.util=ALL-UNNAMED --add-opens=java.base/java.lang=ALL-UNNAMED --add-opens=java.base/java.lang.invoke=ALL-UNNAMED --add-opens=java.prefs/java.util.prefs=ALL-UNNAMED --add-exports=jdk.compiler/com.sun.tools.javac.api=ALL-UNNAMED --add-exports=jdk.compiler/com.sun.tools.javac.util=ALL-UNNAMED --add-opens=java.base/java.nio.charset=ALL-UNNAMED --add-opens=java.base/java.net=ALL-UNNAMED --add-opens=java.base/java.util.concurrent.atomic=ALL-UNNAMED -XX:MaxMetaspaceSize=384m -XX:+HeapDumpOnOutOfMemoryError -Xms256m -Xmx512m -Dfile.encoding=utf8 -Duser.country=US -Duser.language=en -Duser.variant -javaagent:C:\Users\ejans\.gradle\wrapper\dists\gradle-8.9-bin\90cnw93cvbtalezasaz0blq0a\gradle-8.9\lib\agents\gradle-instrumentation-agent-8.9.jar org.gradle.launcher.daemon.bootstrap.GradleDaemon 8.9

Host: AMD Ryzen 5 5500U with Radeon Graphics         , 12 cores, 17G,  Windows 11 , 64 bit Build 26100 (10.0.26100.7705)
Time: Fri Apr  3 20:20:12 2026 Malay Peninsula Standard Time elapsed time: 207.899865 seconds (0d 0h 3m 27s)

---------------  T H R E A D  ---------------

Current thread (0x00000209690261f0):  JavaThread "C2 CompilerThread0" daemon [_thread_in_native, id=24236, stack(0x000000e0ec000000,0x000000e0ec100000) (1024K)]


Current CompileTask:
C2:207900 25984       4       org.gradle.internal.component.external.model.LazyVariantBackedConfigurationMetadata::<init> (26 bytes)

Stack: [0x000000e0ec000000,0x000000e0ec100000]
Native frames: (J=compiled Java code, j=interpreted, Vv=VM code, C=native code)
V  [jvm.dll+0x6d7a39]
V  [jvm.dll+0x8b4b26]
V  [jvm.dll+0x8b70de]
V  [jvm.dll+0x8b77c3]
V  [jvm.dll+0x284346]
V  [jvm.dll+0xc66ed]
V  [jvm.dll+0xc6c31]
V  [jvm.dll+0x3bec3b]
V  [jvm.dll+0x38b162]
V  [jvm.dll+0x38a5aa]
V  [jvm.dll+0x24c560]
V  [jvm.dll+0x24bb40]
V  [jvm.dll+0x1cb34e]
V  [jvm.dll+0x25b85d]
V  [jvm.dll+0x259dea]
V  [jvm.dll+0x3f857e]
V  [jvm.dll+0x85f59d]
V  [jvm.dll+0x6d626d]
C  [ucrtbase.dll+0x37b0]
C  [KERNEL32.DLL+0x2e8d7]
C  [ntdll.dll+0x8c40c]


---------------  P R O C E S S  ---------------

Threads class SMR info:
_java_thread_list=0x00000209727c1e40, length=49, elements={
0x000002093a1becf0, 0x000002094ffacbd0, 0x000002094ffad730, 0x000002096900d7b0,
0x000002096900e1d0, 0x000002096900f7a0, 0x0000020969010d70, 0x00000209690261f0,
0x0000020969029420, 0x0000020969278db0, 0x000002096921f870, 0x000002096ac80360,
0x000002096ae80670, 0x0000020969097670, 0x000002096ad40a80, 0x0000020969096570,
0x0000020969ef6bf0, 0x0000020969ef4b20, 0x0000020969ef51b0, 0x000002096af92ea0,
0x000002096af97040, 0x000002096af93bc0, 0x000002096af98a80, 0x000002096907ec00,
0x000002096907f920, 0x000002096907dee0, 0x000002096907d850, 0x000002096da29f50,
0x0000020970aa7710, 0x0000020970aa7da0, 0x0000020970aa8430, 0x0000020970aa8ac0,
0x0000020970aaa500, 0x0000020970aa9e70, 0x0000020970aa97e0, 0x0000020970aa9150,
0x0000020970aa7080, 0x0000020970aac5d0, 0x0000020970aae010, 0x0000020970aab220,
0x0000020970aaab90, 0x0000020970aabf40, 0x0000020970aacc60, 0x0000020970aad2f0,
0x0000020970aae6a0, 0x0000020970aad980, 0x000002097019d910, 0x000002097019b840,
0x000002097019d280
}

Java Threads: ( => current thread )
  0x000002093a1becf0 JavaThread "main"                              [_thread_blocked, id=23700, stack(0x000000e0eb200000,0x000000e0eb300000) (1024K)]
  0x000002094ffacbd0 JavaThread "Reference Handler"          daemon [_thread_blocked, id=22896, stack(0x000000e0eba00000,0x000000e0ebb00000) (1024K)]
  0x000002094ffad730 JavaThread "Finalizer"                  daemon [_thread_blocked, id=23876, stack(0x000000e0ebb00000,0x000000e0ebc00000) (1024K)]
  0x000002096900d7b0 JavaThread "Signal Dispatcher"          daemon [_thread_blocked, id=21208, stack(0x000000e0ebc00000,0x000000e0ebd00000) (1024K)]
  0x000002096900e1d0 JavaThread "Attach Listener"            daemon [_thread_blocked, id=21224, stack(0x000000e0ebd00000,0x000000e0ebe00000) (1024K)]
  0x000002096900f7a0 JavaThread "Service Thread"             daemon [_thread_blocked, id=24000, stack(0x000000e0ebe00000,0x000000e0ebf00000) (1024K)]
  0x0000020969010d70 JavaThread "Monitor Deflation Thread"   daemon [_thread_blocked, id=22608, stack(0x000000e0ebf00000,0x000000e0ec000000) (1024K)]
=>0x00000209690261f0 JavaThread "C2 CompilerThread0"         daemon [_thread_in_native, id=24236, stack(0x000000e0ec000000,0x000000e0ec100000) (1024K)]
  0x0000020969029420 JavaThread "C1 CompilerThread0"         daemon [_thread_blocked, id=7460, stack(0x000000e0ec100000,0x000000e0ec200000) (1024K)]
  0x0000020969278db0 JavaThread "Common-Cleaner"             daemon [_thread_blocked, id=3164, stack(0x000000e0ec200000,0x000000e0ec300000) (1024K)]
  0x000002096921f870 JavaThread "Notification Thread"        daemon [_thread_blocked, id=6832, stack(0x000000e0ec300000,0x000000e0ec400000) (1024K)]
  0x000002096ac80360 JavaThread "Daemon health stats"               [_thread_blocked, id=24500, stack(0x000000e0ec500000,0x000000e0ec600000) (1024K)]
  0x000002096ae80670 JavaThread "Incoming local TCP Connector on port 65509"        [_thread_in_native, id=20892, stack(0x000000e0ecb00000,0x000000e0ecc00000) (1024K)]
  0x0000020969097670 JavaThread "Daemon periodic checks"            [_thread_blocked, id=9320, stack(0x000000e0ecc00000,0x000000e0ecd00000) (1024K)]
  0x000002096ad40a80 JavaThread "Daemon"                            [_thread_blocked, id=23656, stack(0x000000e0ecd00000,0x000000e0ece00000) (1024K)]
  0x0000020969096570 JavaThread "Daemon worker"                     [_thread_blocked, id=24036, stack(0x000000e0ecf00000,0x000000e0ed000000) (1024K)]
  0x0000020969ef6bf0 JavaThread "Cache worker for journal cache (C:\Users\ejans\.gradle\caches\journal-1)"        [_thread_blocked, id=22288, stack(0x000000e0ed300000,0x000000e0ed400000) (1024K)]
  0x0000020969ef4b20 JavaThread "File lock request listener"        [_thread_in_native, id=23820, stack(0x000000e0ed400000,0x000000e0ed500000) (1024K)]
  0x0000020969ef51b0 JavaThread "Cache worker for file hash cache (C:\Users\ejans\.gradle\caches\8.9\fileHashes)"        [_thread_blocked, id=9468, stack(0x000000e0ed500000,0x000000e0ed600000) (1024K)]
  0x000002096af92ea0 JavaThread "File watcher server"        daemon [_thread_in_native, id=13928, stack(0x000000e0ee000000,0x000000e0ee100000) (1024K)]
  0x000002096af97040 JavaThread "File watcher consumer"      daemon [_thread_blocked, id=23516, stack(0x000000e0ee100000,0x000000e0ee200000) (1024K)]
  0x000002096af93bc0 JavaThread "Cache worker for file content cache (C:\Users\ejans\.gradle\caches\8.9\fileContent)"        [_thread_blocked, id=21988, stack(0x000000e0ed700000,0x000000e0ed800000) (1024K)]
  0x000002096af98a80 JavaThread "jar transforms"                    [_thread_blocked, id=2512, stack(0x000000e0ee600000,0x000000e0ee700000) (1024K)]
  0x000002096907ec00 JavaThread "jar transforms Thread 2"           [_thread_blocked, id=23804, stack(0x000000e0f0800000,0x000000e0f0900000) (1024K)]
  0x000002096907f920 JavaThread "jar transforms Thread 3"           [_thread_blocked, id=16560, stack(0x000000e0eaf00000,0x000000e0eb000000) (1024K)]
  0x000002096907dee0 JavaThread "jar transforms Thread 4"           [_thread_blocked, id=11536, stack(0x000000e0eb000000,0x000000e0eb100000) (1024K)]
  0x000002096907d850 JavaThread "Memory manager"                    [_thread_blocked, id=2172, stack(0x000000e0f0900000,0x000000e0f0a00000) (1024K)]
  0x000002096da29f50 JavaThread "VFS cleanup"                       [_thread_blocked, id=16088, stack(0x000000e0ed000000,0x000000e0ed100000) (1024K)]
  0x0000020970aa7710 JavaThread "Handler for socket connection from /127.0.0.1:65509 to /127.0.0.1:49336"        [_thread_in_native, id=23808, stack(0x000000e0eb100000,0x000000e0eb200000) (1024K)]
  0x0000020970aa7da0 JavaThread "Cancel handler"                    [_thread_blocked, id=14200, stack(0x000000e0ec400000,0x000000e0ec500000) (1024K)]
  0x0000020970aa8430 JavaThread "Asynchronous log dispatcher for DefaultDaemonConnection: socket connection from /127.0.0.1:65509 to /127.0.0.1:49336"        [_thread_blocked, id=23992, stack(0x000000e0ece00000,0x000000e0ecf00000) (1024K)]
  0x0000020970aa8ac0 JavaThread "Stdin handler"                     [_thread_blocked, id=8280, stack(0x000000e0ed100000,0x000000e0ed200000) (1024K)]
  0x0000020970aaa500 JavaThread "Daemon client event forwarder"        [_thread_blocked, id=23188, stack(0x000000e0ed200000,0x000000e0ed300000) (1024K)]
  0x0000020970aa9e70 JavaThread "Cache worker for file hash cache (C:\Users\ejans\OneDrive\Documents\Programming Projects\Thesis\EluSEEDate-Mobile-App\node_modules\expo-modules-autolinking\android\expo-gradle-plugin\.gradle\8.9\fileHashes)"        [_thread_blocked, id=2480, stack(0x000000e0ed600000,0x000000e0ed700000) (1024K)]
  0x0000020970aa97e0 JavaThread "Cache worker for Build Output Cleanup Cache (C:\Users\ejans\OneDrive\Documents\Programming Projects\Thesis\EluSEEDate-Mobile-App\node_modules\expo-modules-autolinking\android\expo-gradle-plugin\.gradle\buildOutputCleanup)"        [_thread_blocked, id=24128, stack(0x000000e0ed800000,0x000000e0ed900000) (1024K)]
  0x0000020970aa9150 JavaThread "Cache worker for checksums cache (C:\Users\ejans\OneDrive\Documents\Programming Projects\Thesis\EluSEEDate-Mobile-App\node_modules\expo-modules-autolinking\android\expo-gradle-plugin\.gradle\8.9\checksums)"        [_thread_blocked, id=16964, stack(0x000000e0ed900000,0x000000e0eda00000) (1024K)]
  0x0000020970aa7080 JavaThread "Cache worker for cache directory md-rule (C:\Users\ejans\.gradle\caches\8.9\md-rule)"        [_thread_blocked, id=22540, stack(0x000000e0ee200000,0x000000e0ee300000) (1024K)]
  0x0000020970aac5d0 JavaThread "Cache worker for cache directory md-supplier (C:\Users\ejans\.gradle\caches\8.9\md-supplier)"        [_thread_blocked, id=12972, stack(0x000000e0ee300000,0x000000e0ee400000) (1024K)]
  0x0000020970aae010 JavaThread "Unconstrained build operations"        [_thread_blocked, id=10168, stack(0x000000e0ee400000,0x000000e0ee500000) (1024K)]
  0x0000020970aab220 JavaThread "Unconstrained build operations Thread 2"        [_thread_blocked, id=23464, stack(0x000000e0ee500000,0x000000e0ee600000) (1024K)]
  0x0000020970aaab90 JavaThread "Unconstrained build operations Thread 3"        [_thread_in_native, id=24028, stack(0x000000e0ee700000,0x000000e0ee800000) (1024K)]
  0x0000020970aabf40 JavaThread "Unconstrained build operations Thread 4"        [_thread_blocked, id=23828, stack(0x000000e0ee800000,0x000000e0ee900000) (1024K)]
  0x0000020970aacc60 JavaThread "Unconstrained build operations Thread 5"        [_thread_blocked, id=23452, stack(0x000000e0ee900000,0x000000e0eea00000) (1024K)]
  0x0000020970aad2f0 JavaThread "Unconstrained build operations Thread 6"        [_thread_blocked, id=23504, stack(0x000000e0eea00000,0x000000e0eeb00000) (1024K)]
  0x0000020970aae6a0 JavaThread "Unconstrained build operations Thread 7"        [_thread_blocked, id=11012, stack(0x000000e0eeb00000,0x000000e0eec00000) (1024K)]
  0x0000020970aad980 JavaThread "Unconstrained build operations Thread 8"        [_thread_blocked, id=20756, stack(0x000000e0eec00000,0x000000e0eed00000) (1024K)]
  0x000002097019d910 JavaThread "Unconstrained build operations Thread 9"        [_thread_blocked, id=23384, stack(0x000000e0eed00000,0x000000e0eee00000) (1024K)]
  0x000002097019b840 JavaThread "Unconstrained build operations Thread 10"        [_thread_blocked, id=22768, stack(0x000000e0eee00000,0x000000e0eef00000) (1024K)]
  0x000002097019d280 JavaThread "Unconstrained build operations Thread 11"        [_thread_blocked, id=24140, stack(0x000000e0eef00000,0x000000e0ef000000) (1024K)]
Total: 49

Other Threads:
  0x000002094ff92cb0 VMThread "VM Thread"                           [id=23052, stack(0x000000e0eb900000,0x000000e0eba00000) (1024K)]
  0x000002094ff83820 WatcherThread "VM Periodic Task Thread"        [id=18916, stack(0x000000e0eb800000,0x000000e0eb900000) (1024K)]
  0x000002093a1e9690 WorkerThread "GC Thread#0"                     [id=21588, stack(0x000000e0eb300000,0x000000e0eb400000) (1024K)]
  0x0000020969bb5cc0 WorkerThread "GC Thread#1"                     [id=24220, stack(0x000000e0ec600000,0x000000e0ec700000) (1024K)]
  0x00000209693cece0 WorkerThread "GC Thread#2"                     [id=23108, stack(0x000000e0ec700000,0x000000e0ec800000) (1024K)]
  0x00000209699c06d0 WorkerThread "GC Thread#3"                     [id=22628, stack(0x000000e0ec800000,0x000000e0ec900000) (1024K)]
  0x00000209699c0a80 WorkerThread "GC Thread#4"                     [id=14964, stack(0x000000e0ec900000,0x000000e0eca00000) (1024K)]
  0x00000209699c0e30 WorkerThread "GC Thread#5"                     [id=8784, stack(0x000000e0eca00000,0x000000e0ecb00000) (1024K)]
  0x000002096ae879d0 WorkerThread "GC Thread#6"                     [id=23604, stack(0x000000e0eda00000,0x000000e0edb00000) (1024K)]
  0x000002096ceb40f0 WorkerThread "GC Thread#7"                     [id=14212, stack(0x000000e0edb00000,0x000000e0edc00000) (1024K)]
  0x000002096ceb5e70 WorkerThread "GC Thread#8"                     [id=18208, stack(0x000000e0edc00000,0x000000e0edd00000) (1024K)]
  0x000002096ceb6d30 WorkerThread "GC Thread#9"                     [id=23936, stack(0x000000e0edd00000,0x000000e0ede00000) (1024K)]
  0x000002093a1ee590 ConcurrentGCThread "G1 Main Marker"            [id=2408, stack(0x000000e0eb400000,0x000000e0eb500000) (1024K)]
  0x000002093a1f1650 WorkerThread "G1 Conc#0"                       [id=24400, stack(0x000000e0eb500000,0x000000e0eb600000) (1024K)]
  0x000002096ceb44a0 WorkerThread "G1 Conc#1"                       [id=12540, stack(0x000000e0ede00000,0x000000e0edf00000) (1024K)]
  0x000002096ceb4c00 WorkerThread "G1 Conc#2"                       [id=22700, stack(0x000000e0edf00000,0x000000e0ee000000) (1024K)]
  0x000002094fe535f0 ConcurrentGCThread "G1 Refine#0"               [id=21448, stack(0x000000e0eb600000,0x000000e0eb700000) (1024K)]
  0x000002094fe54e30 ConcurrentGCThread "G1 Service"                [id=24488, stack(0x000000e0eb700000,0x000000e0eb800000) (1024K)]
Total: 18

Threads with active compile tasks:
C2 CompilerThread0  207975 25984       4       org.gradle.internal.component.external.model.LazyVariantBackedConfigurationMetadata::<init> (26 bytes)
Total: 1

VM state: not at safepoint (normal execution)

VM Mutex/Monitor currently owned by a thread: None

Heap address: 0x00000000e0000000, size: 512 MB, Compressed Oops mode: 32-bit

CDS archive(s) mapped at: [0x0000020950000000-0x0000020950ba0000-0x0000020950ba0000), size 12189696, SharedBaseAddress: 0x0000020950000000, ArchiveRelocationMode: 1.
Compressed class space mapped at: 0x0000020951000000-0x0000020965000000, reserved size: 335544320
Narrow klass base: 0x0000020950000000, Narrow klass shift: 0, Narrow klass range: 0x100000000

GC Precious Log:
 CardTable entry size: 512
 Card Set container configuration: InlinePtr #cards 5 size 8 Array Of Cards #cards 12 size 40 Howl #buckets 4 coarsen threshold 1843 Howl Bitmap #cards 512 size 80 coarsen threshold 460 Card regions per heap region 1 cards per card region 2048
 CPUs: 12 total, 12 available
 Memory: 18277M
 Large Page Support: Disabled
 NUMA Support: Disabled
 Compressed Oops: Enabled (32-bit)
 Heap Region Size: 1M
 Heap Min Capacity: 256M
 Heap Initial Capacity: 256M
 Heap Max Capacity: 512M
 Pre-touch: Disabled
 Parallel Workers: 10
 Concurrent Workers: 3
 Concurrent Refinement Workers: 10
 Periodic GC: Disabled

Heap:
 garbage-first heap   total 290816K, used 265197K [0x00000000e0000000, 0x0000000100000000)
  region size 1024K, 142 young (145408K), 6 survivors (6144K)
 Metaspace       used 142497K, committed 144896K, reserved 458752K
  class space    used 18395K, committed 19584K, reserved 327680K

Heap Regions: E=young(eden), S=young(survivor), O=old, HS=humongous(starts), HC=humongous(continues), CS=collection set, F=free, TAMS=top-at-mark-start, PB=parsable bottom
|   0|0x00000000e0000000, 0x00000000e0100000, 0x00000000e0100000|100%|HS|  |TAMS 0x00000000e0000000| PB 0x00000000e0000000| Complete 
|   1|0x00000000e0100000, 0x00000000e0200000, 0x00000000e0200000|100%|HC|  |TAMS 0x00000000e0100000| PB 0x00000000e0100000| Complete 
|   2|0x00000000e0200000, 0x00000000e0300000, 0x00000000e0300000|100%|HC|  |TAMS 0x00000000e0200000| PB 0x00000000e0200000| Complete 
|   3|0x00000000e0300000, 0x00000000e0400000, 0x00000000e0400000|100%|HC|  |TAMS 0x00000000e0300000| PB 0x00000000e0300000| Complete 
|   4|0x00000000e0400000, 0x00000000e0500000, 0x00000000e0500000|100%| O|  |TAMS 0x00000000e0400000| PB 0x00000000e0400000| Untracked 
|   5|0x00000000e0500000, 0x00000000e0600000, 0x00000000e0600000|100%| O|  |TAMS 0x00000000e0500000| PB 0x00000000e0500000| Untracked 
|   6|0x00000000e0600000, 0x00000000e0700000, 0x00000000e0700000|100%| O|  |TAMS 0x00000000e0600000| PB 0x00000000e0600000| Untracked 
|   7|0x00000000e0700000, 0x00000000e0800000, 0x00000000e0800000|100%| O|  |TAMS 0x00000000e0700000| PB 0x00000000e0700000| Untracked 
|   8|0x00000000e0800000, 0x00000000e0900000, 0x00000000e0900000|100%| O|  |TAMS 0x00000000e0800000| PB 0x00000000e0800000| Untracked 
|   9|0x00000000e0900000, 0x00000000e0a00000, 0x00000000e0a00000|100%| O|  |TAMS 0x00000000e0900000| PB 0x00000000e0900000| Untracked 
|  10|0x00000000e0a00000, 0x00000000e0b00000, 0x00000000e0b00000|100%|HS|  |TAMS 0x00000000e0a00000| PB 0x00000000e0a00000| Complete 
|  11|0x00000000e0b00000, 0x00000000e0c00000, 0x00000000e0c00000|100%| O|  |TAMS 0x00000000e0b00000| PB 0x00000000e0b00000| Untracked 
|  12|0x00000000e0c00000, 0x00000000e0d00000, 0x00000000e0d00000|100%| O|  |TAMS 0x00000000e0c00000| PB 0x00000000e0c00000| Untracked 
|  13|0x00000000e0d00000, 0x00000000e0e00000, 0x00000000e0e00000|100%| O|  |TAMS 0x00000000e0d00000| PB 0x00000000e0d00000| Untracked 
|  14|0x00000000e0e00000, 0x00000000e0f00000, 0x00000000e0f00000|100%| O|  |TAMS 0x00000000e0e00000| PB 0x00000000e0e00000| Untracked 
|  15|0x00000000e0f00000, 0x00000000e1000000, 0x00000000e1000000|100%| O|  |TAMS 0x00000000e0f00000| PB 0x00000000e0f00000| Untracked 
|  16|0x00000000e1000000, 0x00000000e1100000, 0x00000000e1100000|100%| O|  |TAMS 0x00000000e1000000| PB 0x00000000e1000000| Untracked 
|  17|0x00000000e1100000, 0x00000000e1200000, 0x00000000e1200000|100%| O|  |TAMS 0x00000000e1100000| PB 0x00000000e1100000| Untracked 
|  18|0x00000000e1200000, 0x00000000e1300000, 0x00000000e1300000|100%| O|  |TAMS 0x00000000e1200000| PB 0x00000000e1200000| Untracked 
|  19|0x00000000e1300000, 0x00000000e1400000, 0x00000000e1400000|100%| O|  |TAMS 0x00000000e1300000| PB 0x00000000e1300000| Untracked 
|  20|0x00000000e1400000, 0x00000000e1500000, 0x00000000e1500000|100%| O|  |TAMS 0x00000000e1400000| PB 0x00000000e1400000| Untracked 
|  21|0x00000000e1500000, 0x00000000e1600000, 0x00000000e1600000|100%| O|  |TAMS 0x00000000e1500000| PB 0x00000000e1500000| Untracked 
|  22|0x00000000e1600000, 0x00000000e1700000, 0x00000000e1700000|100%| O|  |TAMS 0x00000000e1600000| PB 0x00000000e1600000| Untracked 
|  23|0x00000000e1700000, 0x00000000e1800000, 0x00000000e1800000|100%| O|  |TAMS 0x00000000e1700000| PB 0x00000000e1700000| Untracked 
|  24|0x00000000e1800000, 0x00000000e1900000, 0x00000000e1900000|100%|HS|  |TAMS 0x00000000e1800000| PB 0x00000000e1800000| Complete 
|  25|0x00000000e1900000, 0x00000000e1a00000, 0x00000000e1a00000|100%|HS|  |TAMS 0x00000000e1900000| PB 0x00000000e1900000| Complete 
|  26|0x00000000e1a00000, 0x00000000e1b00000, 0x00000000e1b00000|100%|HS|  |TAMS 0x00000000e1a00000| PB 0x00000000e1a00000| Complete 
|  27|0x00000000e1b00000, 0x00000000e1b00000, 0x00000000e1c00000|  0%| F|  |TAMS 0x00000000e1b00000| PB 0x00000000e1b00000| Untracked 
|  28|0x00000000e1c00000, 0x00000000e1d00000, 0x00000000e1d00000|100%| O|  |TAMS 0x00000000e1c00000| PB 0x00000000e1c00000| Untracked 
|  29|0x00000000e1d00000, 0x00000000e1e00000, 0x00000000e1e00000|100%| O|  |TAMS 0x00000000e1d00000| PB 0x00000000e1d00000| Untracked 
|  30|0x00000000e1e00000, 0x00000000e1f00000, 0x00000000e1f00000|100%| O|  |TAMS 0x00000000e1e00000| PB 0x00000000e1e00000| Untracked 
|  31|0x00000000e1f00000, 0x00000000e2000000, 0x00000000e2000000|100%| O|  |TAMS 0x00000000e1f00000| PB 0x00000000e1f00000| Untracked 
|  32|0x00000000e2000000, 0x00000000e2100000, 0x00000000e2100000|100%| O|  |TAMS 0x00000000e2000000| PB 0x00000000e2000000| Untracked 
|  33|0x00000000e2100000, 0x00000000e2200000, 0x00000000e2200000|100%| O|  |TAMS 0x00000000e2100000| PB 0x00000000e2100000| Untracked 
|  34|0x00000000e2200000, 0x00000000e2300000, 0x00000000e2300000|100%| O|  |TAMS 0x00000000e2200000| PB 0x00000000e2200000| Untracked 
|  35|0x00000000e2300000, 0x00000000e2400000, 0x00000000e2400000|100%| O|  |TAMS 0x00000000e2300000| PB 0x00000000e2300000| Untracked 
|  36|0x00000000e2400000, 0x00000000e2500000, 0x00000000e2500000|100%| O|  |TAMS 0x00000000e2400000| PB 0x00000000e2400000| Untracked 
|  37|0x00000000e2500000, 0x00000000e2600000, 0x00000000e2600000|100%| O|  |TAMS 0x00000000e2500000| PB 0x00000000e2500000| Untracked 
|  38|0x00000000e2600000, 0x00000000e2700000, 0x00000000e2700000|100%| O|  |TAMS 0x00000000e2600000| PB 0x00000000e2600000| Untracked 
|  39|0x00000000e2700000, 0x00000000e2800000, 0x00000000e2800000|100%| O|  |TAMS 0x00000000e2700000| PB 0x00000000e2700000| Untracked 
|  40|0x00000000e2800000, 0x00000000e2900000, 0x00000000e2900000|100%| O|  |TAMS 0x00000000e2800000| PB 0x00000000e2800000| Untracked 
|  41|0x00000000e2900000, 0x00000000e2a00000, 0x00000000e2a00000|100%| O|  |TAMS 0x00000000e2900000| PB 0x00000000e2900000| Untracked 
|  42|0x00000000e2a00000, 0x00000000e2b00000, 0x00000000e2b00000|100%| O|  |TAMS 0x00000000e2a00000| PB 0x00000000e2a00000| Untracked 
|  43|0x00000000e2b00000, 0x00000000e2c00000, 0x00000000e2c00000|100%| O|  |TAMS 0x00000000e2b00000| PB 0x00000000e2b00000| Untracked 
|  44|0x00000000e2c00000, 0x00000000e2d00000, 0x00000000e2d00000|100%| O|  |TAMS 0x00000000e2c00000| PB 0x00000000e2c00000| Untracked 
|  45|0x00000000e2d00000, 0x00000000e2d00000, 0x00000000e2e00000|  0%| F|  |TAMS 0x00000000e2d00000| PB 0x00000000e2d00000| Untracked 
|  46|0x00000000e2e00000, 0x00000000e2f00000, 0x00000000e2f00000|100%| O|  |TAMS 0x00000000e2e00000| PB 0x00000000e2e00000| Untracked 
|  47|0x00000000e2f00000, 0x00000000e2f00000, 0x00000000e3000000|  0%| F|  |TAMS 0x00000000e2f00000| PB 0x00000000e2f00000| Untracked 
|  48|0x00000000e3000000, 0x00000000e3100000, 0x00000000e3100000|100%| O|  |TAMS 0x00000000e3000000| PB 0x00000000e3000000| Untracked 
|  49|0x00000000e3100000, 0x00000000e3200000, 0x00000000e3200000|100%| O|Cm|TAMS 0x00000000e3100000| PB 0x00000000e3100000| Complete 
|  50|0x00000000e3200000, 0x00000000e3300000, 0x00000000e3300000|100%| O|  |TAMS 0x00000000e3200000| PB 0x00000000e3200000| Untracked 
|  51|0x00000000e3300000, 0x00000000e3400000, 0x00000000e3400000|100%| O|Cm|TAMS 0x00000000e3300000| PB 0x00000000e3300000| Complete 
|  52|0x00000000e3400000, 0x00000000e3400000, 0x00000000e3500000|  0%| F|  |TAMS 0x00000000e3400000| PB 0x00000000e3400000| Untracked 
|  53|0x00000000e3500000, 0x00000000e3600000, 0x00000000e3600000|100%|HS|  |TAMS 0x00000000e3500000| PB 0x00000000e3500000| Complete 
|  54|0x00000000e3600000, 0x00000000e3700000, 0x00000000e3700000|100%|HC|  |TAMS 0x00000000e3600000| PB 0x00000000e3600000| Complete 
|  55|0x00000000e3700000, 0x00000000e3800000, 0x00000000e3800000|100%|HC|  |TAMS 0x00000000e3700000| PB 0x00000000e3700000| Complete 
|  56|0x00000000e3800000, 0x00000000e3900000, 0x00000000e3900000|100%| O|  |TAMS 0x00000000e3800000| PB 0x00000000e3800000| Untracked 
|  57|0x00000000e3900000, 0x00000000e3a00000, 0x00000000e3a00000|100%|HS|  |TAMS 0x00000000e3900000| PB 0x00000000e3900000| Complete 
|  58|0x00000000e3a00000, 0x00000000e3b00000, 0x00000000e3b00000|100%|HC|  |TAMS 0x00000000e3a00000| PB 0x00000000e3a00000| Complete 
|  59|0x00000000e3b00000, 0x00000000e3c00000, 0x00000000e3c00000|100%| O|  |TAMS 0x00000000e3b00000| PB 0x00000000e3b00000| Untracked 
|  60|0x00000000e3c00000, 0x00000000e3d00000, 0x00000000e3d00000|100%| O|  |TAMS 0x00000000e3c00000| PB 0x00000000e3c00000| Untracked 
|  61|0x00000000e3d00000, 0x00000000e3e00000, 0x00000000e3e00000|100%| O|  |TAMS 0x00000000e3d00000| PB 0x00000000e3d00000| Untracked 
|  62|0x00000000e3e00000, 0x00000000e3f00000, 0x00000000e3f00000|100%| O|  |TAMS 0x00000000e3e00000| PB 0x00000000e3e00000| Untracked 
|  63|0x00000000e3f00000, 0x00000000e4000000, 0x00000000e4000000|100%| O|  |TAMS 0x00000000e3f00000| PB 0x00000000e3f00000| Untracked 
|  64|0x00000000e4000000, 0x00000000e4100000, 0x00000000e4100000|100%| O|  |TAMS 0x00000000e4000000| PB 0x00000000e4000000| Untracked 
|  65|0x00000000e4100000, 0x00000000e4200000, 0x00000000e4200000|100%| O|  |TAMS 0x00000000e4100000| PB 0x00000000e4100000| Untracked 
|  66|0x00000000e4200000, 0x00000000e4300000, 0x00000000e4300000|100%| O|  |TAMS 0x00000000e4200000| PB 0x00000000e4200000| Untracked 
|  67|0x00000000e4300000, 0x00000000e4400000, 0x00000000e4400000|100%| O|  |TAMS 0x00000000e4300000| PB 0x00000000e4300000| Untracked 
|  68|0x00000000e4400000, 0x00000000e4500000, 0x00000000e4500000|100%| O|  |TAMS 0x00000000e4400000| PB 0x00000000e4400000| Untracked 
|  69|0x00000000e4500000, 0x00000000e4600000, 0x00000000e4600000|100%| O|  |TAMS 0x00000000e4500000| PB 0x00000000e4500000| Untracked 
|  70|0x00000000e4600000, 0x00000000e4700000, 0x00000000e4700000|100%| O|  |TAMS 0x00000000e4600000| PB 0x00000000e4600000| Untracked 
|  71|0x00000000e4700000, 0x00000000e4800000, 0x00000000e4800000|100%| O|  |TAMS 0x00000000e4700000| PB 0x00000000e4700000| Untracked 
|  72|0x00000000e4800000, 0x00000000e4900000, 0x00000000e4900000|100%| O|  |TAMS 0x00000000e4800000| PB 0x00000000e4800000| Untracked 
|  73|0x00000000e4900000, 0x00000000e4a00000, 0x00000000e4a00000|100%| O|  |TAMS 0x00000000e4900000| PB 0x00000000e4900000| Untracked 
|  74|0x00000000e4a00000, 0x00000000e4b00000, 0x00000000e4b00000|100%| O|  |TAMS 0x00000000e4a00000| PB 0x00000000e4a00000| Untracked 
|  75|0x00000000e4b00000, 0x00000000e4c00000, 0x00000000e4c00000|100%| O|Cm|TAMS 0x00000000e4b00000| PB 0x00000000e4b00000| Complete 
|  76|0x00000000e4c00000, 0x00000000e4c00000, 0x00000000e4d00000|  0%| F|  |TAMS 0x00000000e4c00000| PB 0x00000000e4c00000| Untracked 
|  77|0x00000000e4d00000, 0x00000000e4e00000, 0x00000000e4e00000|100%| O|Cm|TAMS 0x00000000e4d00000| PB 0x00000000e4d00000| Complete 
|  78|0x00000000e4e00000, 0x00000000e4f00000, 0x00000000e4f00000|100%| O|  |TAMS 0x00000000e4e00000| PB 0x00000000e4e00000| Untracked 
|  79|0x00000000e4f00000, 0x00000000e5000000, 0x00000000e5000000|100%| O|  |TAMS 0x00000000e4f00000| PB 0x00000000e4f00000| Untracked 
|  80|0x00000000e5000000, 0x00000000e5100000, 0x00000000e5100000|100%| O|  |TAMS 0x00000000e5000000| PB 0x00000000e5000000| Untracked 
|  81|0x00000000e5100000, 0x00000000e5200000, 0x00000000e5200000|100%| O|  |TAMS 0x00000000e5100000| PB 0x00000000e5100000| Untracked 
|  82|0x00000000e5200000, 0x00000000e5200000, 0x00000000e5300000|  0%| F|  |TAMS 0x00000000e5200000| PB 0x00000000e5200000| Untracked 
|  83|0x00000000e5300000, 0x00000000e5400000, 0x00000000e5400000|100%|HS|  |TAMS 0x00000000e5300000| PB 0x00000000e5300000| Complete 
|  84|0x00000000e5400000, 0x00000000e5500000, 0x00000000e5500000|100%| O|  |TAMS 0x00000000e5400000| PB 0x00000000e5400000| Untracked 
|  85|0x00000000e5500000, 0x00000000e5600000, 0x00000000e5600000|100%| O|  |TAMS 0x00000000e5500000| PB 0x00000000e5500000| Untracked 
|  86|0x00000000e5600000, 0x00000000e5700000, 0x00000000e5700000|100%| O|  |TAMS 0x00000000e5600000| PB 0x00000000e5600000| Untracked 
|  87|0x00000000e5700000, 0x00000000e5800000, 0x00000000e5800000|100%| O|  |TAMS 0x00000000e5700000| PB 0x00000000e5700000| Untracked 
|  88|0x00000000e5800000, 0x00000000e5900000, 0x00000000e5900000|100%| O|  |TAMS 0x00000000e5800000| PB 0x00000000e5800000| Untracked 
|  89|0x00000000e5900000, 0x00000000e5a00000, 0x00000000e5a00000|100%| O|  |TAMS 0x00000000e5900000| PB 0x00000000e5900000| Untracked 
|  90|0x00000000e5a00000, 0x00000000e5b00000, 0x00000000e5b00000|100%| O|  |TAMS 0x00000000e5a00000| PB 0x00000000e5a00000| Untracked 
|  91|0x00000000e5b00000, 0x00000000e5c00000, 0x00000000e5c00000|100%| O|  |TAMS 0x00000000e5b00000| PB 0x00000000e5b00000| Untracked 
|  92|0x00000000e5c00000, 0x00000000e5d00000, 0x00000000e5d00000|100%| O|  |TAMS 0x00000000e5c00000| PB 0x00000000e5c00000| Untracked 
|  93|0x00000000e5d00000, 0x00000000e5e00000, 0x00000000e5e00000|100%| O|  |TAMS 0x00000000e5d00000| PB 0x00000000e5d00000| Untracked 
|  94|0x00000000e5e00000, 0x00000000e5f00000, 0x00000000e5f00000|100%| O|  |TAMS 0x00000000e5e00000| PB 0x00000000e5e00000| Untracked 
|  95|0x00000000e5f00000, 0x00000000e6000000, 0x00000000e6000000|100%| O|  |TAMS 0x00000000e5f00000| PB 0x00000000e5f00000| Untracked 
|  96|0x00000000e6000000, 0x00000000e6100000, 0x00000000e6100000|100%| O|  |TAMS 0x00000000e6000000| PB 0x00000000e6000000| Untracked 
|  97|0x00000000e6100000, 0x00000000e6200000, 0x00000000e6200000|100%| O|  |TAMS 0x00000000e6100000| PB 0x00000000e6100000| Untracked 
|  98|0x00000000e6200000, 0x00000000e6300000, 0x00000000e6300000|100%| O|  |TAMS 0x00000000e6200000| PB 0x00000000e6200000| Untracked 
|  99|0x00000000e6300000, 0x00000000e6400000, 0x00000000e6400000|100%| O|  |TAMS 0x00000000e6300000| PB 0x00000000e6300000| Untracked 
| 100|0x00000000e6400000, 0x00000000e6500000, 0x00000000e6500000|100%| O|  |TAMS 0x00000000e6400000| PB 0x00000000e6400000| Untracked 
| 101|0x00000000e6500000, 0x00000000e6600000, 0x00000000e6600000|100%|HS|  |TAMS 0x00000000e6500000| PB 0x00000000e6500000| Complete 
| 102|0x00000000e6600000, 0x00000000e6700000, 0x00000000e6700000|100%|HC|  |TAMS 0x00000000e6600000| PB 0x00000000e6600000| Complete 
| 103|0x00000000e6700000, 0x00000000e6800000, 0x00000000e6800000|100%|HC|  |TAMS 0x00000000e6700000| PB 0x00000000e6700000| Complete 
| 104|0x00000000e6800000, 0x00000000e6900000, 0x00000000e6900000|100%|HC|  |TAMS 0x00000000e6800000| PB 0x00000000e6800000| Complete 
| 105|0x00000000e6900000, 0x00000000e6a00000, 0x00000000e6a00000|100%|HC|  |TAMS 0x00000000e6900000| PB 0x00000000e6900000| Complete 
| 106|0x00000000e6a00000, 0x00000000e6b00000, 0x00000000e6b00000|100%|HC|  |TAMS 0x00000000e6a00000| PB 0x00000000e6a00000| Complete 
| 107|0x00000000e6b00000, 0x00000000e6c00000, 0x00000000e6c00000|100%| O|  |TAMS 0x00000000e6b00000| PB 0x00000000e6b00000| Untracked 
| 108|0x00000000e6c00000, 0x00000000e6d00000, 0x00000000e6d00000|100%| O|  |TAMS 0x00000000e6c00000| PB 0x00000000e6c00000| Untracked 
| 109|0x00000000e6d00000, 0x00000000e6e00000, 0x00000000e6e00000|100%| O|  |TAMS 0x00000000e6d00000| PB 0x00000000e6d00000| Untracked 
| 110|0x00000000e6e00000, 0x00000000e6f00000, 0x00000000e6f00000|100%| O|  |TAMS 0x00000000e6e00000| PB 0x00000000e6e00000| Untracked 
| 111|0x00000000e6f00000, 0x00000000e7000000, 0x00000000e7000000|100%| O|  |TAMS 0x00000000e6f00000| PB 0x00000000e6f00000| Untracked 
| 112|0x00000000e7000000, 0x00000000e7100000, 0x00000000e7100000|100%| O|  |TAMS 0x00000000e7000000| PB 0x00000000e7000000| Untracked 
| 113|0x00000000e7100000, 0x00000000e7200000, 0x00000000e7200000|100%| O|  |TAMS 0x00000000e7100000| PB 0x00000000e7100000| Untracked 
| 114|0x00000000e7200000, 0x00000000e7300000, 0x00000000e7300000|100%| O|  |TAMS 0x00000000e7200000| PB 0x00000000e7200000| Untracked 
| 115|0x00000000e7300000, 0x00000000e7400000, 0x00000000e7400000|100%| O|  |TAMS 0x00000000e7300000| PB 0x00000000e7300000| Untracked 
| 116|0x00000000e7400000, 0x00000000e7486428, 0x00000000e7500000| 52%| O|  |TAMS 0x00000000e7400000| PB 0x00000000e7400000| Untracked 
| 117|0x00000000e7500000, 0x00000000e7500000, 0x00000000e7600000|  0%| F|  |TAMS 0x00000000e7500000| PB 0x00000000e7500000| Untracked 
| 118|0x00000000e7600000, 0x00000000e7600000, 0x00000000e7700000|  0%| F|  |TAMS 0x00000000e7600000| PB 0x00000000e7600000| Untracked 
| 119|0x00000000e7700000, 0x00000000e7700000, 0x00000000e7800000|  0%| F|  |TAMS 0x00000000e7700000| PB 0x00000000e7700000| Untracked 
| 120|0x00000000e7800000, 0x00000000e7900000, 0x00000000e7900000|100%| O|  |TAMS 0x00000000e7800000| PB 0x00000000e7800000| Untracked 
| 121|0x00000000e7900000, 0x00000000e7a00000, 0x00000000e7a00000|100%| O|Cm|TAMS 0x00000000e7900000| PB 0x00000000e7900000| Complete 
| 122|0x00000000e7a00000, 0x00000000e7a00000, 0x00000000e7b00000|  0%| F|  |TAMS 0x00000000e7a00000| PB 0x00000000e7a00000| Untracked 
| 123|0x00000000e7b00000, 0x00000000e7b752a0, 0x00000000e7c00000| 45%| S|CS|TAMS 0x00000000e7b00000| PB 0x00000000e7b00000| Complete 
| 124|0x00000000e7c00000, 0x00000000e7d00000, 0x00000000e7d00000|100%| S|CS|TAMS 0x00000000e7c00000| PB 0x00000000e7c00000| Complete 
| 125|0x00000000e7d00000, 0x00000000e7e00000, 0x00000000e7e00000|100%| S|CS|TAMS 0x00000000e7d00000| PB 0x00000000e7d00000| Complete 
| 126|0x00000000e7e00000, 0x00000000e7f00000, 0x00000000e7f00000|100%| S|CS|TAMS 0x00000000e7e00000| PB 0x00000000e7e00000| Complete 
| 127|0x00000000e7f00000, 0x00000000e8000000, 0x00000000e8000000|100%| S|CS|TAMS 0x00000000e7f00000| PB 0x00000000e7f00000| Complete 
| 128|0x00000000e8000000, 0x00000000e8000000, 0x00000000e8100000|  0%| F|  |TAMS 0x00000000e8000000| PB 0x00000000e8000000| Untracked 
| 129|0x00000000e8100000, 0x00000000e8100000, 0x00000000e8200000|  0%| F|  |TAMS 0x00000000e8100000| PB 0x00000000e8100000| Untracked 
| 130|0x00000000e8200000, 0x00000000e8200000, 0x00000000e8300000|  0%| F|  |TAMS 0x00000000e8200000| PB 0x00000000e8200000| Untracked 
| 131|0x00000000e8300000, 0x00000000e8300000, 0x00000000e8400000|  0%| F|  |TAMS 0x00000000e8300000| PB 0x00000000e8300000| Untracked 
| 132|0x00000000e8400000, 0x00000000e8400000, 0x00000000e8500000|  0%| F|  |TAMS 0x00000000e8400000| PB 0x00000000e8400000| Untracked 
| 133|0x00000000e8500000, 0x00000000e8500000, 0x00000000e8600000|  0%| F|  |TAMS 0x00000000e8500000| PB 0x00000000e8500000| Untracked 
| 134|0x00000000e8600000, 0x00000000e8700000, 0x00000000e8700000|100%| S|CS|TAMS 0x00000000e8600000| PB 0x00000000e8600000| Complete 
| 135|0x00000000e8700000, 0x00000000e8700000, 0x00000000e8800000|  0%| F|  |TAMS 0x00000000e8700000| PB 0x00000000e8700000| Untracked 
| 136|0x00000000e8800000, 0x00000000e8800000, 0x00000000e8900000|  0%| F|  |TAMS 0x00000000e8800000| PB 0x00000000e8800000| Untracked 
| 137|0x00000000e8900000, 0x00000000e8900000, 0x00000000e8a00000|  0%| F|  |TAMS 0x00000000e8900000| PB 0x00000000e8900000| Untracked 
| 138|0x00000000e8a00000, 0x00000000e8a00000, 0x00000000e8b00000|  0%| F|  |TAMS 0x00000000e8a00000| PB 0x00000000e8a00000| Untracked 
| 139|0x00000000e8b00000, 0x00000000e8b00000, 0x00000000e8c00000|  0%| F|  |TAMS 0x00000000e8b00000| PB 0x00000000e8b00000| Untracked 
| 140|0x00000000e8c00000, 0x00000000e8c00000, 0x00000000e8d00000|  0%| F|  |TAMS 0x00000000e8c00000| PB 0x00000000e8c00000| Untracked 
| 141|0x00000000e8d00000, 0x00000000e8d56ed0, 0x00000000e8e00000| 33%| E|  |TAMS 0x00000000e8d00000| PB 0x00000000e8d00000| Complete 
| 142|0x00000000e8e00000, 0x00000000e8f00000, 0x00000000e8f00000|100%| E|CS|TAMS 0x00000000e8e00000| PB 0x00000000e8e00000| Complete 
| 143|0x00000000e8f00000, 0x00000000e9000000, 0x00000000e9000000|100%| E|CS|TAMS 0x00000000e8f00000| PB 0x00000000e8f00000| Complete 
| 144|0x00000000e9000000, 0x00000000e9100000, 0x00000000e9100000|100%| E|CS|TAMS 0x00000000e9000000| PB 0x00000000e9000000| Complete 
| 145|0x00000000e9100000, 0x00000000e9200000, 0x00000000e9200000|100%| E|CS|TAMS 0x00000000e9100000| PB 0x00000000e9100000| Complete 
| 146|0x00000000e9200000, 0x00000000e9300000, 0x00000000e9300000|100%| E|CS|TAMS 0x00000000e9200000| PB 0x00000000e9200000| Complete 
| 147|0x00000000e9300000, 0x00000000e9400000, 0x00000000e9400000|100%| E|CS|TAMS 0x00000000e9300000| PB 0x00000000e9300000| Complete 
| 148|0x00000000e9400000, 0x00000000e9500000, 0x00000000e9500000|100%| E|CS|TAMS 0x00000000e9400000| PB 0x00000000e9400000| Complete 
| 149|0x00000000e9500000, 0x00000000e9600000, 0x00000000e9600000|100%| E|CS|TAMS 0x00000000e9500000| PB 0x00000000e9500000| Complete 
| 150|0x00000000e9600000, 0x00000000e9700000, 0x00000000e9700000|100%| E|CS|TAMS 0x00000000e9600000| PB 0x00000000e9600000| Complete 
| 151|0x00000000e9700000, 0x00000000e9800000, 0x00000000e9800000|100%| E|CS|TAMS 0x00000000e9700000| PB 0x00000000e9700000| Complete 
| 152|0x00000000e9800000, 0x00000000e9900000, 0x00000000e9900000|100%| E|CS|TAMS 0x00000000e9800000| PB 0x00000000e9800000| Complete 
| 153|0x00000000e9900000, 0x00000000e9a00000, 0x00000000e9a00000|100%| E|CS|TAMS 0x00000000e9900000| PB 0x00000000e9900000| Complete 
| 154|0x00000000e9a00000, 0x00000000e9b00000, 0x00000000e9b00000|100%| E|CS|TAMS 0x00000000e9a00000| PB 0x00000000e9a00000| Complete 
| 155|0x00000000e9b00000, 0x00000000e9c00000, 0x00000000e9c00000|100%| E|CS|TAMS 0x00000000e9b00000| PB 0x00000000e9b00000| Complete 
| 156|0x00000000e9c00000, 0x00000000e9d00000, 0x00000000e9d00000|100%| E|CS|TAMS 0x00000000e9c00000| PB 0x00000000e9c00000| Complete 
| 157|0x00000000e9d00000, 0x00000000e9e00000, 0x00000000e9e00000|100%| E|CS|TAMS 0x00000000e9d00000| PB 0x00000000e9d00000| Complete 
| 158|0x00000000e9e00000, 0x00000000e9f00000, 0x00000000e9f00000|100%| E|CS|TAMS 0x00000000e9e00000| PB 0x00000000e9e00000| Complete 
| 159|0x00000000e9f00000, 0x00000000ea000000, 0x00000000ea000000|100%| E|CS|TAMS 0x00000000e9f00000| PB 0x00000000e9f00000| Complete 
| 160|0x00000000ea000000, 0x00000000ea100000, 0x00000000ea100000|100%| E|CS|TAMS 0x00000000ea000000| PB 0x00000000ea000000| Complete 
| 161|0x00000000ea100000, 0x00000000ea200000, 0x00000000ea200000|100%| E|CS|TAMS 0x00000000ea100000| PB 0x00000000ea100000| Complete 
| 162|0x00000000ea200000, 0x00000000ea300000, 0x00000000ea300000|100%| E|CS|TAMS 0x00000000ea200000| PB 0x00000000ea200000| Complete 
| 163|0x00000000ea300000, 0x00000000ea400000, 0x00000000ea400000|100%| E|CS|TAMS 0x00000000ea300000| PB 0x00000000ea300000| Complete 
| 164|0x00000000ea400000, 0x00000000ea500000, 0x00000000ea500000|100%| E|CS|TAMS 0x00000000ea400000| PB 0x00000000ea400000| Complete 
| 165|0x00000000ea500000, 0x00000000ea600000, 0x00000000ea600000|100%| E|CS|TAMS 0x00000000ea500000| PB 0x00000000ea500000| Complete 
| 166|0x00000000ea600000, 0x00000000ea700000, 0x00000000ea700000|100%| E|CS|TAMS 0x00000000ea600000| PB 0x00000000ea600000| Complete 
| 167|0x00000000ea700000, 0x00000000ea800000, 0x00000000ea800000|100%| E|CS|TAMS 0x00000000ea700000| PB 0x00000000ea700000| Complete 
| 168|0x00000000ea800000, 0x00000000ea900000, 0x00000000ea900000|100%| E|CS|TAMS 0x00000000ea800000| PB 0x00000000ea800000| Complete 
| 169|0x00000000ea900000, 0x00000000eaa00000, 0x00000000eaa00000|100%| E|CS|TAMS 0x00000000ea900000| PB 0x00000000ea900000| Complete 
| 170|0x00000000eaa00000, 0x00000000eab00000, 0x00000000eab00000|100%| E|CS|TAMS 0x00000000eaa00000| PB 0x00000000eaa00000| Complete 
| 171|0x00000000eab00000, 0x00000000eac00000, 0x00000000eac00000|100%| E|CS|TAMS 0x00000000eab00000| PB 0x00000000eab00000| Complete 
| 172|0x00000000eac00000, 0x00000000ead00000, 0x00000000ead00000|100%| E|CS|TAMS 0x00000000eac00000| PB 0x00000000eac00000| Complete 
| 173|0x00000000ead00000, 0x00000000eae00000, 0x00000000eae00000|100%| E|CS|TAMS 0x00000000ead00000| PB 0x00000000ead00000| Complete 
| 174|0x00000000eae00000, 0x00000000eaf00000, 0x00000000eaf00000|100%| E|CS|TAMS 0x00000000eae00000| PB 0x00000000eae00000| Complete 
| 175|0x00000000eaf00000, 0x00000000eb000000, 0x00000000eb000000|100%| E|CS|TAMS 0x00000000eaf00000| PB 0x00000000eaf00000| Complete 
| 176|0x00000000eb000000, 0x00000000eb100000, 0x00000000eb100000|100%| E|CS|TAMS 0x00000000eb000000| PB 0x00000000eb000000| Complete 
| 177|0x00000000eb100000, 0x00000000eb200000, 0x00000000eb200000|100%| E|CS|TAMS 0x00000000eb100000| PB 0x00000000eb100000| Complete 
| 178|0x00000000eb200000, 0x00000000eb300000, 0x00000000eb300000|100%| E|CS|TAMS 0x00000000eb200000| PB 0x00000000eb200000| Complete 
| 179|0x00000000eb300000, 0x00000000eb400000, 0x00000000eb400000|100%| E|CS|TAMS 0x00000000eb300000| PB 0x00000000eb300000| Complete 
| 180|0x00000000eb400000, 0x00000000eb500000, 0x00000000eb500000|100%| E|CS|TAMS 0x00000000eb400000| PB 0x00000000eb400000| Complete 
| 181|0x00000000eb500000, 0x00000000eb600000, 0x00000000eb600000|100%| E|CS|TAMS 0x00000000eb500000| PB 0x00000000eb500000| Complete 
| 182|0x00000000eb600000, 0x00000000eb700000, 0x00000000eb700000|100%| E|CS|TAMS 0x00000000eb600000| PB 0x00000000eb600000| Complete 
| 183|0x00000000eb700000, 0x00000000eb800000, 0x00000000eb800000|100%| E|CS|TAMS 0x00000000eb700000| PB 0x00000000eb700000| Complete 
| 184|0x00000000eb800000, 0x00000000eb900000, 0x00000000eb900000|100%| E|CS|TAMS 0x00000000eb800000| PB 0x00000000eb800000| Complete 
| 185|0x00000000eb900000, 0x00000000eba00000, 0x00000000eba00000|100%| E|CS|TAMS 0x00000000eb900000| PB 0x00000000eb900000| Complete 
| 186|0x00000000eba00000, 0x00000000ebb00000, 0x00000000ebb00000|100%| E|CS|TAMS 0x00000000eba00000| PB 0x00000000eba00000| Complete 
| 187|0x00000000ebb00000, 0x00000000ebc00000, 0x00000000ebc00000|100%| E|CS|TAMS 0x00000000ebb00000| PB 0x00000000ebb00000| Complete 
| 188|0x00000000ebc00000, 0x00000000ebd00000, 0x00000000ebd00000|100%| E|CS|TAMS 0x00000000ebc00000| PB 0x00000000ebc00000| Complete 
| 189|0x00000000ebd00000, 0x00000000ebe00000, 0x00000000ebe00000|100%| E|CS|TAMS 0x00000000ebd00000| PB 0x00000000ebd00000| Complete 
| 190|0x00000000ebe00000, 0x00000000ebf00000, 0x00000000ebf00000|100%| E|CS|TAMS 0x00000000ebe00000| PB 0x00000000ebe00000| Complete 
| 191|0x00000000ebf00000, 0x00000000ec000000, 0x00000000ec000000|100%| E|CS|TAMS 0x00000000ebf00000| PB 0x00000000ebf00000| Complete 
| 192|0x00000000ec000000, 0x00000000ec100000, 0x00000000ec100000|100%| E|CS|TAMS 0x00000000ec000000| PB 0x00000000ec000000| Complete 
| 193|0x00000000ec100000, 0x00000000ec200000, 0x00000000ec200000|100%| E|CS|TAMS 0x00000000ec100000| PB 0x00000000ec100000| Complete 
| 194|0x00000000ec200000, 0x00000000ec300000, 0x00000000ec300000|100%| E|CS|TAMS 0x00000000ec200000| PB 0x00000000ec200000| Complete 
| 195|0x00000000ec300000, 0x00000000ec400000, 0x00000000ec400000|100%| E|CS|TAMS 0x00000000ec300000| PB 0x00000000ec300000| Complete 
| 196|0x00000000ec400000, 0x00000000ec500000, 0x00000000ec500000|100%| E|CS|TAMS 0x00000000ec400000| PB 0x00000000ec400000| Complete 
| 197|0x00000000ec500000, 0x00000000ec600000, 0x00000000ec600000|100%| E|  |TAMS 0x00000000ec500000| PB 0x00000000ec500000| Complete 
| 198|0x00000000ec600000, 0x00000000ec700000, 0x00000000ec700000|100%| E|CS|TAMS 0x00000000ec600000| PB 0x00000000ec600000| Complete 
| 199|0x00000000ec700000, 0x00000000ec800000, 0x00000000ec800000|100%| E|CS|TAMS 0x00000000ec700000| PB 0x00000000ec700000| Complete 
| 200|0x00000000ec800000, 0x00000000ec900000, 0x00000000ec900000|100%| E|CS|TAMS 0x00000000ec800000| PB 0x00000000ec800000| Complete 
| 201|0x00000000ec900000, 0x00000000eca00000, 0x00000000eca00000|100%| E|CS|TAMS 0x00000000ec900000| PB 0x00000000ec900000| Complete 
| 202|0x00000000eca00000, 0x00000000ecb00000, 0x00000000ecb00000|100%| E|CS|TAMS 0x00000000eca00000| PB 0x00000000eca00000| Complete 
| 203|0x00000000ecb00000, 0x00000000ecc00000, 0x00000000ecc00000|100%| E|CS|TAMS 0x00000000ecb00000| PB 0x00000000ecb00000| Complete 
| 204|0x00000000ecc00000, 0x00000000ecd00000, 0x00000000ecd00000|100%| E|CS|TAMS 0x00000000ecc00000| PB 0x00000000ecc00000| Complete 
| 205|0x00000000ecd00000, 0x00000000ece00000, 0x00000000ece00000|100%| E|CS|TAMS 0x00000000ecd00000| PB 0x00000000ecd00000| Complete 
| 206|0x00000000ece00000, 0x00000000ecf00000, 0x00000000ecf00000|100%| E|CS|TAMS 0x00000000ece00000| PB 0x00000000ece00000| Complete 
| 207|0x00000000ecf00000, 0x00000000ed000000, 0x00000000ed000000|100%| E|CS|TAMS 0x00000000ecf00000| PB 0x00000000ecf00000| Complete 
| 208|0x00000000ed000000, 0x00000000ed100000, 0x00000000ed100000|100%| E|CS|TAMS 0x00000000ed000000| PB 0x00000000ed000000| Complete 
| 209|0x00000000ed100000, 0x00000000ed200000, 0x00000000ed200000|100%| E|CS|TAMS 0x00000000ed100000| PB 0x00000000ed100000| Complete 
| 210|0x00000000ed200000, 0x00000000ed300000, 0x00000000ed300000|100%| E|CS|TAMS 0x00000000ed200000| PB 0x00000000ed200000| Complete 
| 211|0x00000000ed300000, 0x00000000ed400000, 0x00000000ed400000|100%| E|CS|TAMS 0x00000000ed300000| PB 0x00000000ed300000| Complete 
| 212|0x00000000ed400000, 0x00000000ed500000, 0x00000000ed500000|100%| E|CS|TAMS 0x00000000ed400000| PB 0x00000000ed400000| Complete 
| 213|0x00000000ed500000, 0x00000000ed600000, 0x00000000ed600000|100%| E|CS|TAMS 0x00000000ed500000| PB 0x00000000ed500000| Complete 
| 214|0x00000000ed600000, 0x00000000ed700000, 0x00000000ed700000|100%| E|CS|TAMS 0x00000000ed600000| PB 0x00000000ed600000| Complete 
| 215|0x00000000ed700000, 0x00000000ed800000, 0x00000000ed800000|100%| E|CS|TAMS 0x00000000ed700000| PB 0x00000000ed700000| Complete 
| 216|0x00000000ed800000, 0x00000000ed900000, 0x00000000ed900000|100%| E|CS|TAMS 0x00000000ed800000| PB 0x00000000ed800000| Complete 
| 217|0x00000000ed900000, 0x00000000eda00000, 0x00000000eda00000|100%| E|CS|TAMS 0x00000000ed900000| PB 0x00000000ed900000| Complete 
| 218|0x00000000eda00000, 0x00000000edb00000, 0x00000000edb00000|100%| E|CS|TAMS 0x00000000eda00000| PB 0x00000000eda00000| Complete 
| 219|0x00000000edb00000, 0x00000000edc00000, 0x00000000edc00000|100%| E|CS|TAMS 0x00000000edb00000| PB 0x00000000edb00000| Complete 
| 220|0x00000000edc00000, 0x00000000edd00000, 0x00000000edd00000|100%| E|CS|TAMS 0x00000000edc00000| PB 0x00000000edc00000| Complete 
| 221|0x00000000edd00000, 0x00000000ede00000, 0x00000000ede00000|100%| E|CS|TAMS 0x00000000edd00000| PB 0x00000000edd00000| Complete 
| 222|0x00000000ede00000, 0x00000000edf00000, 0x00000000edf00000|100%| E|CS|TAMS 0x00000000ede00000| PB 0x00000000ede00000| Complete 
| 223|0x00000000edf00000, 0x00000000ee000000, 0x00000000ee000000|100%| E|CS|TAMS 0x00000000edf00000| PB 0x00000000edf00000| Complete 
| 224|0x00000000ee000000, 0x00000000ee100000, 0x00000000ee100000|100%| E|CS|TAMS 0x00000000ee000000| PB 0x00000000ee000000| Complete 
| 225|0x00000000ee100000, 0x00000000ee200000, 0x00000000ee200000|100%| E|CS|TAMS 0x00000000ee100000| PB 0x00000000ee100000| Complete 
| 226|0x00000000ee200000, 0x00000000ee300000, 0x00000000ee300000|100%| E|CS|TAMS 0x00000000ee200000| PB 0x00000000ee200000| Complete 
| 227|0x00000000ee300000, 0x00000000ee400000, 0x00000000ee400000|100%| E|CS|TAMS 0x00000000ee300000| PB 0x00000000ee300000| Complete 
| 228|0x00000000ee400000, 0x00000000ee500000, 0x00000000ee500000|100%| E|CS|TAMS 0x00000000ee400000| PB 0x00000000ee400000| Complete 
| 229|0x00000000ee500000, 0x00000000ee600000, 0x00000000ee600000|100%| E|CS|TAMS 0x00000000ee500000| PB 0x00000000ee500000| Complete 
| 230|0x00000000ee600000, 0x00000000ee700000, 0x00000000ee700000|100%| E|CS|TAMS 0x00000000ee600000| PB 0x00000000ee600000| Complete 
| 231|0x00000000ee700000, 0x00000000ee800000, 0x00000000ee800000|100%| E|CS|TAMS 0x00000000ee700000| PB 0x00000000ee700000| Complete 
| 232|0x00000000ee800000, 0x00000000ee900000, 0x00000000ee900000|100%| E|CS|TAMS 0x00000000ee800000| PB 0x00000000ee800000| Complete 
| 233|0x00000000ee900000, 0x00000000eea00000, 0x00000000eea00000|100%| E|CS|TAMS 0x00000000ee900000| PB 0x00000000ee900000| Complete 
| 234|0x00000000eea00000, 0x00000000eeb00000, 0x00000000eeb00000|100%| E|CS|TAMS 0x00000000eea00000| PB 0x00000000eea00000| Complete 
| 235|0x00000000eeb00000, 0x00000000eec00000, 0x00000000eec00000|100%| E|CS|TAMS 0x00000000eeb00000| PB 0x00000000eeb00000| Complete 
| 236|0x00000000eec00000, 0x00000000eed00000, 0x00000000eed00000|100%| E|CS|TAMS 0x00000000eec00000| PB 0x00000000eec00000| Complete 
| 237|0x00000000eed00000, 0x00000000eee00000, 0x00000000eee00000|100%| E|CS|TAMS 0x00000000eed00000| PB 0x00000000eed00000| Complete 
| 238|0x00000000eee00000, 0x00000000eef00000, 0x00000000eef00000|100%| E|CS|TAMS 0x00000000eee00000| PB 0x00000000eee00000| Complete 
| 239|0x00000000eef00000, 0x00000000ef000000, 0x00000000ef000000|100%| E|CS|TAMS 0x00000000eef00000| PB 0x00000000eef00000| Complete 
| 240|0x00000000ef000000, 0x00000000ef100000, 0x00000000ef100000|100%| E|CS|TAMS 0x00000000ef000000| PB 0x00000000ef000000| Complete 
| 241|0x00000000ef100000, 0x00000000ef200000, 0x00000000ef200000|100%| E|CS|TAMS 0x00000000ef100000| PB 0x00000000ef100000| Complete 
| 242|0x00000000ef200000, 0x00000000ef300000, 0x00000000ef300000|100%| E|CS|TAMS 0x00000000ef200000| PB 0x00000000ef200000| Complete 
| 243|0x00000000ef300000, 0x00000000ef400000, 0x00000000ef400000|100%| E|CS|TAMS 0x00000000ef300000| PB 0x00000000ef300000| Complete 
| 244|0x00000000ef400000, 0x00000000ef500000, 0x00000000ef500000|100%| E|CS|TAMS 0x00000000ef400000| PB 0x00000000ef400000| Complete 
| 245|0x00000000ef500000, 0x00000000ef600000, 0x00000000ef600000|100%| E|CS|TAMS 0x00000000ef500000| PB 0x00000000ef500000| Complete 
| 246|0x00000000ef600000, 0x00000000ef700000, 0x00000000ef700000|100%| E|CS|TAMS 0x00000000ef600000| PB 0x00000000ef600000| Complete 
| 247|0x00000000ef700000, 0x00000000ef800000, 0x00000000ef800000|100%| E|CS|TAMS 0x00000000ef700000| PB 0x00000000ef700000| Complete 
| 248|0x00000000ef800000, 0x00000000ef900000, 0x00000000ef900000|100%| E|CS|TAMS 0x00000000ef800000| PB 0x00000000ef800000| Complete 
| 249|0x00000000ef900000, 0x00000000efa00000, 0x00000000efa00000|100%| E|CS|TAMS 0x00000000ef900000| PB 0x00000000ef900000| Complete 
| 250|0x00000000efa00000, 0x00000000efb00000, 0x00000000efb00000|100%| E|CS|TAMS 0x00000000efa00000| PB 0x00000000efa00000| Complete 
| 251|0x00000000efb00000, 0x00000000efc00000, 0x00000000efc00000|100%| E|CS|TAMS 0x00000000efb00000| PB 0x00000000efb00000| Complete 
| 252|0x00000000efc00000, 0x00000000efd00000, 0x00000000efd00000|100%| E|CS|TAMS 0x00000000efc00000| PB 0x00000000efc00000| Complete 
| 253|0x00000000efd00000, 0x00000000efe00000, 0x00000000efe00000|100%| E|CS|TAMS 0x00000000efd00000| PB 0x00000000efd00000| Complete 
| 254|0x00000000efe00000, 0x00000000eff00000, 0x00000000eff00000|100%| E|CS|TAMS 0x00000000efe00000| PB 0x00000000efe00000| Complete 
| 255|0x00000000eff00000, 0x00000000f0000000, 0x00000000f0000000|100%| E|CS|TAMS 0x00000000eff00000| PB 0x00000000eff00000| Complete 
| 256|0x00000000f0000000, 0x00000000f0100000, 0x00000000f0100000|100%| E|CS|TAMS 0x00000000f0000000| PB 0x00000000f0000000| Complete 
| 257|0x00000000f0100000, 0x00000000f0200000, 0x00000000f0200000|100%| E|CS|TAMS 0x00000000f0100000| PB 0x00000000f0100000| Complete 
| 258|0x00000000f0200000, 0x00000000f0300000, 0x00000000f0300000|100%| E|CS|TAMS 0x00000000f0200000| PB 0x00000000f0200000| Complete 
| 259|0x00000000f0300000, 0x00000000f0400000, 0x00000000f0400000|100%| E|CS|TAMS 0x00000000f0300000| PB 0x00000000f0300000| Complete 
| 260|0x00000000f0400000, 0x00000000f0500000, 0x00000000f0500000|100%| E|CS|TAMS 0x00000000f0400000| PB 0x00000000f0400000| Complete 
| 261|0x00000000f0500000, 0x00000000f0600000, 0x00000000f0600000|100%| E|CS|TAMS 0x00000000f0500000| PB 0x00000000f0500000| Complete 
| 262|0x00000000f0600000, 0x00000000f0700000, 0x00000000f0700000|100%| E|CS|TAMS 0x00000000f0600000| PB 0x00000000f0600000| Complete 
| 263|0x00000000f0700000, 0x00000000f0800000, 0x00000000f0800000|100%| E|CS|TAMS 0x00000000f0700000| PB 0x00000000f0700000| Complete 
| 264|0x00000000f0800000, 0x00000000f0900000, 0x00000000f0900000|100%| E|CS|TAMS 0x00000000f0800000| PB 0x00000000f0800000| Complete 
| 265|0x00000000f0900000, 0x00000000f0a00000, 0x00000000f0a00000|100%| E|CS|TAMS 0x00000000f0900000| PB 0x00000000f0900000| Complete 
| 266|0x00000000f0a00000, 0x00000000f0b00000, 0x00000000f0b00000|100%| E|CS|TAMS 0x00000000f0a00000| PB 0x00000000f0a00000| Complete 
| 267|0x00000000f0b00000, 0x00000000f0c00000, 0x00000000f0c00000|100%| E|CS|TAMS 0x00000000f0b00000| PB 0x00000000f0b00000| Complete 
| 268|0x00000000f0c00000, 0x00000000f0d00000, 0x00000000f0d00000|100%| E|CS|TAMS 0x00000000f0c00000| PB 0x00000000f0c00000| Complete 
| 269|0x00000000f0d00000, 0x00000000f0e00000, 0x00000000f0e00000|100%| E|CS|TAMS 0x00000000f0d00000| PB 0x00000000f0d00000| Complete 
| 270|0x00000000f0e00000, 0x00000000f0f00000, 0x00000000f0f00000|100%| E|CS|TAMS 0x00000000f0e00000| PB 0x00000000f0e00000| Complete 
| 271|0x00000000f0f00000, 0x00000000f1000000, 0x00000000f1000000|100%| E|CS|TAMS 0x00000000f0f00000| PB 0x00000000f0f00000| Complete 
| 272|0x00000000f1000000, 0x00000000f1100000, 0x00000000f1100000|100%| E|CS|TAMS 0x00000000f1000000| PB 0x00000000f1000000| Complete 
| 273|0x00000000f1100000, 0x00000000f1200000, 0x00000000f1200000|100%| E|CS|TAMS 0x00000000f1100000| PB 0x00000000f1100000| Complete 
| 274|0x00000000f1200000, 0x00000000f1300000, 0x00000000f1300000|100%| E|CS|TAMS 0x00000000f1200000| PB 0x00000000f1200000| Complete 
| 275|0x00000000f1300000, 0x00000000f1400000, 0x00000000f1400000|100%| E|CS|TAMS 0x00000000f1300000| PB 0x00000000f1300000| Complete 
| 276|0x00000000f1400000, 0x00000000f1500000, 0x00000000f1500000|100%| E|CS|TAMS 0x00000000f1400000| PB 0x00000000f1400000| Complete 
| 505|0x00000000ff900000, 0x00000000ffa00000, 0x00000000ffa00000|100%| O|  |TAMS 0x00000000ff900000| PB 0x00000000ff900000| Untracked 
| 506|0x00000000ffa00000, 0x00000000ffb00000, 0x00000000ffb00000|100%| O|  |TAMS 0x00000000ffa00000| PB 0x00000000ffa00000| Untracked 
| 507|0x00000000ffb00000, 0x00000000ffc00000, 0x00000000ffc00000|100%| O|  |TAMS 0x00000000ffb00000| PB 0x00000000ffb00000| Untracked 
| 508|0x00000000ffc00000, 0x00000000ffd00000, 0x00000000ffd00000|100%| O|  |TAMS 0x00000000ffc00000| PB 0x00000000ffc00000| Untracked 
| 509|0x00000000ffd00000, 0x00000000ffe00000, 0x00000000ffe00000|100%| O|  |TAMS 0x00000000ffd00000| PB 0x00000000ffd00000| Untracked 
| 510|0x00000000ffe00000, 0x00000000fff00000, 0x00000000fff00000|100%| O|  |TAMS 0x00000000ffe00000| PB 0x00000000ffe00000| Untracked 
| 511|0x00000000fff00000, 0x0000000100000000, 0x0000000100000000|100%| O|  |TAMS 0x00000000fff00000| PB 0x00000000fff00000| Untracked 

Card table byte_map: [0x000002094ca10000,0x000002094cb10000] _byte_map_base: 0x000002094c310000

Marking Bits: (CMBitMap*) 0x000002093a1e9cb0
 Bits: [0x000002094cb10000, 0x000002094d310000)

Polling page: 0x0000020938390000

Metaspace:

Usage:
  Non-class:    121.19 MB used.
      Class:     17.96 MB used.
       Both:    139.16 MB used.

Virtual space:
  Non-class space:      128.00 MB reserved,     122.38 MB ( 96%) committed,  2 nodes.
      Class space:      320.00 MB reserved,      19.12 MB (  6%) committed,  1 nodes.
             Both:      448.00 MB reserved,     141.50 MB ( 32%) committed. 

Chunk freelists:
   Non-Class:  5.26 MB
       Class:  12.82 MB
        Both:  18.08 MB

MaxMetaspaceSize: 384.00 MB
CompressedClassSpaceSize: 320.00 MB
Initial GC threshold: 21.00 MB
Current GC threshold: 235.56 MB
CDS: on
 - commit_granule_bytes: 65536.
 - commit_granule_words: 8192.
 - virtual_space_node_default_size: 8388608.
 - enlarge_chunks_in_place: 1.
 - use_allocation_guard: 0.


Internal statistics:

num_allocs_failed_limit: 12.
num_arena_births: 4460.
num_arena_deaths: 6.
num_vsnodes_births: 3.
num_vsnodes_deaths: 0.
num_space_committed: 2262.
num_space_uncommitted: 0.
num_chunks_returned_to_freelist: 27.
num_chunks_taken_from_freelist: 10229.
num_chunk_merges: 15.
num_chunk_splits: 7163.
num_chunks_enlarged: 4972.
num_inconsistent_stats: 0.

CodeHeap 'non-profiled nmethods': size=120000Kb used=15806Kb max_used=21695Kb free=104193Kb
 bounds [0x0000020944e90000, 0x00000209463c0000, 0x000002094c3c0000]
CodeHeap 'profiled nmethods': size=120000Kb used=32099Kb max_used=43862Kb free=87901Kb
 bounds [0x000002093d3c0000, 0x000002093fea0000, 0x00000209448f0000]
CodeHeap 'non-nmethods': size=5760Kb used=2946Kb max_used=3018Kb free=2813Kb
 bounds [0x00000209448f0000, 0x0000020944bf0000, 0x0000020944e90000]
CodeCache: size=245760Kb, used=50851Kb, max_used=68575Kb, free=194907Kb
 total_blobs=18424, nmethods=17250, adapters=1075, full_count=0
Compilation: enabled, stopped_count=0, restarted_count=0

Compilation events (20 events):
Event: 207.651 Thread 0x0000020969029420 nmethod 25978 0x000002093e05a810 code [0x000002093e05a9e0, 0x000002093e05ada0]
Event: 207.651 Thread 0x0000020969029420 25979       3       org.gradle.api.internal.artifacts.transform.DefaultTransform::validateInputFileNormalizer (24 bytes)
Event: 207.652 Thread 0x0000020969029420 nmethod 25979 0x000002093d7af110 code [0x000002093d7af2e0, 0x000002093d7af5c0]
Event: 207.652 Thread 0x0000020969029420 25980       3       org.gradle.internal.execution.model.annotations.AbstractInputFilePropertyAnnotationHandler::lambda$visitPropertyValue$0 (71 bytes)
Event: 207.654 Thread 0x0000020969029420 nmethod 25980 0x000002093e9b2190 code [0x000002093e9b2460, 0x000002093e9b31b8]
Event: 207.654 Thread 0x0000020969029420 25981       3       org.gradle.internal.execution.model.annotations.AbstractInputFilePropertyAnnotationHandler::determineBehavior (38 bytes)
Event: 207.655 Thread 0x0000020969029420 nmethod 25981 0x000002093daafe10 code [0x000002093dab0020, 0x000002093dab0648]
Event: 207.655 Thread 0x0000020969029420 25982       3       java.lang.invoke.LambdaForm$DMH/0x00000209514c9400::newInvokeSpecial (60 bytes)
Event: 207.656 Thread 0x0000020969029420 nmethod 25982 0x000002093dbe8210 code [0x000002093dbe8400, 0x000002093dbe8c90]
Event: 207.672 Thread 0x00000209690261f0 25983       4       org.gradle.api.internal.DefaultDomainObjectCollection$IteratorImpl::hasNext (10 bytes)
Event: 207.673 Thread 0x00000209690261f0 nmethod 25983 0x000002094518c810 code [0x000002094518c9a0, 0x000002094518ca50]
Event: 207.679 Thread 0x00000209690261f0 25984       4       org.gradle.internal.component.external.model.LazyVariantBackedConfigurationMetadata::<init> (26 bytes)
Event: 207.698 Thread 0x0000020969029420 25986       3       org.gradle.api.internal.artifacts.ivyservice.resolveengine.excludes.factories.NormalizingExcludeFactory::simplifySet (164 bytes)
Event: 207.701 Thread 0x0000020969029420 nmethod 25986 0x000002093dd4ab90 code [0x000002093dd4af40, 0x000002093dd4ca70]
Event: 207.701 Thread 0x0000020969029420 25987       3       org.gradle.api.internal.artifacts.ivyservice.resolveengine.excludes.factories.NormalizingExcludeFactory$$Lambda/0x00000209517848a0::<init> (10 bytes)
Event: 207.702 Thread 0x0000020969029420 nmethod 25987 0x000002093e0ccb10 code [0x000002093e0cccc0, 0x000002093e0cce78]
Event: 207.710 Thread 0x0000020969029420 25990       3       sun.nio.fs.NativeBuffers::allocNativeBuffer (20 bytes)
Event: 207.711 Thread 0x0000020969029420 nmethod 25990 0x000002093df33d10 code [0x000002093df33ec0, 0x000002093df34088]
Event: 207.784 Thread 0x0000020969029420 25991       3       sun.security.ssl.SSLExtensions::length (19 bytes)
Event: 207.785 Thread 0x0000020969029420 nmethod 25991 0x000002093dd98510 code [0x000002093dd986c0, 0x000002093dd98900]

GC Heap History (20 events):
Event: 178.762 GC heap before
{Heap before GC invocations=111 (full 0):
 garbage-first heap   total 290816K, used 275031K [0x00000000e0000000, 0x0000000100000000)
  region size 1024K, 145 young (148480K), 8 survivors (8192K)
 Metaspace       used 139872K, committed 142272K, reserved 458752K
  class space    used 18191K, committed 19392K, reserved 327680K
}
Event: 178.769 GC heap after
{Heap after GC invocations=112 (full 0):
 garbage-first heap   total 290816K, used 137080K [0x00000000e0000000, 0x0000000100000000)
  region size 1024K, 10 young (10240K), 10 survivors (10240K)
 Metaspace       used 139872K, committed 142272K, reserved 458752K
  class space    used 18191K, committed 19392K, reserved 327680K
}
Event: 179.265 GC heap before
{Heap before GC invocations=112 (full 0):
 garbage-first heap   total 290816K, used 275320K [0x00000000e0000000, 0x0000000100000000)
  region size 1024K, 145 young (148480K), 10 survivors (10240K)
 Metaspace       used 139881K, committed 142272K, reserved 458752K
  class space    used 18191K, committed 19392K, reserved 327680K
}
Event: 179.270 GC heap after
{Heap after GC invocations=113 (full 0):
 garbage-first heap   total 290816K, used 130372K [0x00000000e0000000, 0x0000000100000000)
  region size 1024K, 4 young (4096K), 4 survivors (4096K)
 Metaspace       used 139881K, committed 142272K, reserved 458752K
  class space    used 18191K, committed 19392K, reserved 327680K
}
Event: 180.317 GC heap before
{Heap before GC invocations=113 (full 0):
 garbage-first heap   total 290816K, used 274756K [0x00000000e0000000, 0x0000000100000000)
  region size 1024K, 145 young (148480K), 4 survivors (4096K)
 Metaspace       used 140452K, committed 142848K, reserved 458752K
  class space    used 18258K, committed 19456K, reserved 327680K
}
Event: 180.324 GC heap after
{Heap after GC invocations=114 (full 0):
 garbage-first heap   total 290816K, used 131072K [0x00000000e0000000, 0x0000000100000000)
  region size 1024K, 4 young (4096K), 4 survivors (4096K)
 Metaspace       used 140452K, committed 142848K, reserved 458752K
  class space    used 18258K, committed 19456K, reserved 327680K
}
Event: 186.687 GC heap before
{Heap before GC invocations=114 (full 0):
 garbage-first heap   total 290816K, used 276480K [0x00000000e0000000, 0x0000000100000000)
  region size 1024K, 145 young (148480K), 4 survivors (4096K)
 Metaspace       used 141853K, committed 144192K, reserved 458752K
  class space    used 18362K, committed 19520K, reserved 327680K
}
Event: 186.695 GC heap after
{Heap after GC invocations=115 (full 0):
 garbage-first heap   total 290816K, used 132120K [0x00000000e0000000, 0x0000000100000000)
  region size 1024K, 6 young (6144K), 6 survivors (6144K)
 Metaspace       used 141853K, committed 144192K, reserved 458752K
  class space    used 18362K, committed 19520K, reserved 327680K
}
Event: 187.708 GC heap before
{Heap before GC invocations=115 (full 0):
 garbage-first heap   total 290816K, used 185368K [0x00000000e0000000, 0x0000000100000000)
  region size 1024K, 59 young (60416K), 6 survivors (6144K)
 Metaspace       used 141988K, committed 144320K, reserved 458752K
  class space    used 18379K, committed 19584K, reserved 327680K
}
Event: 187.717 GC heap after
{Heap after GC invocations=116 (full 0):
 garbage-first heap   total 290816K, used 133475K [0x00000000e0000000, 0x0000000100000000)
  region size 1024K, 7 young (7168K), 7 survivors (7168K)
 Metaspace       used 141988K, committed 144320K, reserved 458752K
  class space    used 18379K, committed 19584K, reserved 327680K
}
Event: 190.690 GC heap before
{Heap before GC invocations=117 (full 0):
 garbage-first heap   total 290816K, used 274787K [0x00000000e0000000, 0x0000000100000000)
  region size 1024K, 145 young (148480K), 7 survivors (7168K)
 Metaspace       used 142063K, committed 144448K, reserved 458752K
  class space    used 18383K, committed 19584K, reserved 327680K
}
Event: 190.697 GC heap after
{Heap after GC invocations=118 (full 0):
 garbage-first heap   total 290816K, used 132767K [0x00000000e0000000, 0x0000000100000000)
  region size 1024K, 6 young (6144K), 6 survivors (6144K)
 Metaspace       used 142063K, committed 144448K, reserved 458752K
  class space    used 18383K, committed 19584K, reserved 327680K
}
Event: 193.858 GC heap before
{Heap before GC invocations=118 (full 0):
 garbage-first heap   total 290816K, used 275103K [0x00000000e0000000, 0x0000000100000000)
  region size 1024K, 145 young (148480K), 6 survivors (6144K)
 Metaspace       used 142127K, committed 144512K, reserved 458752K
  class space    used 18383K, committed 19584K, reserved 327680K
}
Event: 193.867 GC heap after
{Heap after GC invocations=119 (full 0):
 garbage-first heap   total 290816K, used 128144K [0x00000000e0000000, 0x0000000100000000)
  region size 1024K, 6 young (6144K), 6 survivors (6144K)
 Metaspace       used 142127K, committed 144512K, reserved 458752K
  class space    used 18383K, committed 19584K, reserved 327680K
}
Event: 197.027 GC heap before
{Heap before GC invocations=119 (full 0):
 garbage-first heap   total 290816K, used 274576K [0x00000000e0000000, 0x0000000100000000)
  region size 1024K, 149 young (152576K), 6 survivors (6144K)
 Metaspace       used 142196K, committed 144640K, reserved 458752K
  class space    used 18387K, committed 19584K, reserved 327680K
}
Event: 197.034 GC heap after
{Heap after GC invocations=120 (full 0):
 garbage-first heap   total 290816K, used 128032K [0x00000000e0000000, 0x0000000100000000)
  region size 1024K, 6 young (6144K), 6 survivors (6144K)
 Metaspace       used 142196K, committed 144640K, reserved 458752K
  class space    used 18387K, committed 19584K, reserved 327680K
}
Event: 200.133 GC heap before
{Heap before GC invocations=120 (full 0):
 garbage-first heap   total 290816K, used 274464K [0x00000000e0000000, 0x0000000100000000)
  region size 1024K, 149 young (152576K), 6 survivors (6144K)
 Metaspace       used 142303K, committed 144704K, reserved 458752K
  class space    used 18390K, committed 19584K, reserved 327680K
}
Event: 200.141 GC heap after
{Heap after GC invocations=121 (full 0):
 garbage-first heap   total 290816K, used 129314K [0x00000000e0000000, 0x0000000100000000)
  region size 1024K, 7 young (7168K), 7 survivors (7168K)
 Metaspace       used 142303K, committed 144704K, reserved 458752K
  class space    used 18390K, committed 19584K, reserved 327680K
}
Event: 204.338 GC heap before
{Heap before GC invocations=122 (full 0):
 garbage-first heap   total 290816K, used 274722K [0x00000000e0000000, 0x0000000100000000)
  region size 1024K, 149 young (152576K), 7 survivors (7168K)
 Metaspace       used 142414K, committed 144768K, reserved 458752K
  class space    used 18394K, committed 19584K, reserved 327680K
}
Event: 204.348 GC heap after
{Heap after GC invocations=123 (full 0):
 garbage-first heap   total 290816K, used 127981K [0x00000000e0000000, 0x0000000100000000)
  region size 1024K, 6 young (6144K), 6 survivors (6144K)
 Metaspace       used 142414K, committed 144768K, reserved 458752K
  class space    used 18394K, committed 19584K, reserved 327680K
}

Dll operation events (14 events):
Event: 0.021 Loaded shared library C:\Users\ejans\.vscode\extensions\redhat.java-1.53.0-win32-x64\jre\21.0.10-win32-x86_64\bin\java.dll
Event: 0.143 Loaded shared library C:\Users\ejans\.vscode\extensions\redhat.java-1.53.0-win32-x64\jre\21.0.10-win32-x86_64\bin\zip.dll
Event: 0.188 Loaded shared library C:\Users\ejans\.vscode\extensions\redhat.java-1.53.0-win32-x64\jre\21.0.10-win32-x86_64\bin\instrument.dll
Event: 0.198 Loaded shared library C:\Users\ejans\.vscode\extensions\redhat.java-1.53.0-win32-x64\jre\21.0.10-win32-x86_64\bin\net.dll
Event: 0.204 Loaded shared library C:\Users\ejans\.vscode\extensions\redhat.java-1.53.0-win32-x64\jre\21.0.10-win32-x86_64\bin\nio.dll
Event: 0.210 Loaded shared library C:\Users\ejans\.vscode\extensions\redhat.java-1.53.0-win32-x64\jre\21.0.10-win32-x86_64\bin\zip.dll
Event: 0.809 Loaded shared library C:\Users\ejans\.vscode\extensions\redhat.java-1.53.0-win32-x64\jre\21.0.10-win32-x86_64\bin\jimage.dll
Event: 1.276 Loaded shared library C:\Users\ejans\.vscode\extensions\redhat.java-1.53.0-win32-x64\jre\21.0.10-win32-x86_64\bin\verify.dll
Event: 1.633 Loaded shared library C:\Users\ejans\.gradle\native\c067742578af261105cb4f569cf0c3c89f3d7b1fecec35dd04571415982c5e48\windows-amd64\native-platform.dll
Event: 1.645 Loaded shared library C:\Users\ejans\.gradle\native\100fb08df4bc3b14c8652ba06237920a3bd2aa13389f12d3474272988ae205f9\windows-amd64\native-platform-file-events.dll
Event: 5.169 Loaded shared library C:\Users\ejans\.vscode\extensions\redhat.java-1.53.0-win32-x64\jre\21.0.10-win32-x86_64\bin\management.dll
Event: 5.181 Loaded shared library C:\Users\ejans\.vscode\extensions\redhat.java-1.53.0-win32-x64\jre\21.0.10-win32-x86_64\bin\management_ext.dll
Event: 6.021 Loaded shared library C:\Users\ejans\.vscode\extensions\redhat.java-1.53.0-win32-x64\jre\21.0.10-win32-x86_64\bin\extnet.dll
Event: 6.429 Loaded shared library C:\Users\ejans\.vscode\extensions\redhat.java-1.53.0-win32-x64\jre\21.0.10-win32-x86_64\bin\sunmscapi.dll

Deoptimization events (20 events):
Event: 203.823 Thread 0x0000020969096570 DEOPT PACKING pc=0x00000209455c35e8 sp=0x000000e0ecff9050
Event: 203.823 Thread 0x0000020969096570 DEOPT UNPACKING pc=0x0000020944944422 sp=0x000000e0ecff9018 mode 2
Event: 203.823 Thread 0x0000020969096570 Uncommon trap: trap_request=0xffffffbe fr.pc=0x00000209455c35e8 relative=0x0000000000002428
Event: 203.823 Thread 0x0000020969096570 Uncommon trap: reason=profile_predicate action=maybe_recompile pc=0x00000209455c35e8 method=java.util.ArrayList.batchRemove(Ljava/util/Collection;ZII)Z @ 18 c2
Event: 203.823 Thread 0x0000020969096570 DEOPT PACKING pc=0x00000209455c35e8 sp=0x000000e0ecff9050
Event: 203.823 Thread 0x0000020969096570 DEOPT UNPACKING pc=0x0000020944944422 sp=0x000000e0ecff9018 mode 2
Event: 204.189 Thread 0x0000020969096570 DEOPT PACKING pc=0x000002093e2b942c sp=0x000000e0ecffbd70
Event: 204.189 Thread 0x0000020969096570 DEOPT UNPACKING pc=0x0000020944944bc2 sp=0x000000e0ecffb270 mode 0
Event: 204.300 Thread 0x000002096ad40a80 DEOPT PACKING pc=0x000002093f3b0f93 sp=0x000000e0ecdfed10
Event: 204.300 Thread 0x000002096ad40a80 DEOPT UNPACKING pc=0x0000020944944bc2 sp=0x000000e0ecdfe2a8 mode 0
Event: 204.588 Thread 0x0000020969096570 Uncommon trap: trap_request=0xffffffbe fr.pc=0x00000209455c35e8 relative=0x0000000000002428
Event: 204.588 Thread 0x0000020969096570 Uncommon trap: reason=profile_predicate action=maybe_recompile pc=0x00000209455c35e8 method=java.util.ArrayList.batchRemove(Ljava/util/Collection;ZII)Z @ 18 c2
Event: 204.588 Thread 0x0000020969096570 DEOPT PACKING pc=0x00000209455c35e8 sp=0x000000e0ecff9050
Event: 204.588 Thread 0x0000020969096570 DEOPT UNPACKING pc=0x0000020944944422 sp=0x000000e0ecff9018 mode 2
Event: 204.589 Thread 0x0000020969096570 Uncommon trap: trap_request=0xffffffbe fr.pc=0x00000209455c35e8 relative=0x0000000000002428
Event: 204.589 Thread 0x0000020969096570 Uncommon trap: reason=profile_predicate action=maybe_recompile pc=0x00000209455c35e8 method=java.util.ArrayList.batchRemove(Ljava/util/Collection;ZII)Z @ 18 c2
Event: 204.589 Thread 0x0000020969096570 DEOPT PACKING pc=0x00000209455c35e8 sp=0x000000e0ecff9050
Event: 204.589 Thread 0x0000020969096570 DEOPT UNPACKING pc=0x0000020944944422 sp=0x000000e0ecff9018 mode 2
Event: 207.177 Thread 0x0000020969096570 DEOPT PACKING pc=0x000002093d7ce9b3 sp=0x000000e0ecffba20
Event: 207.177 Thread 0x0000020969096570 DEOPT UNPACKING pc=0x0000020944944bc2 sp=0x000000e0ecffaf58 mode 0

Classes loaded (20 events):
Event: 165.861 Loading class jdk/internal/access/foreign/UnmapperProxy
Event: 165.862 Loading class jdk/internal/access/foreign/UnmapperProxy done
Event: 165.862 Loading class sun/nio/ch/FileChannelImpl$Unmapper done
Event: 165.862 Loading class sun/nio/ch/FileChannelImpl$DefaultUnmapper done
Event: 165.862 Loading class sun/nio/ch/Util$4
Event: 165.862 Loading class sun/nio/ch/Util$4 done
Event: 165.869 Loading class java/io/UTFDataFormatException
Event: 165.869 Loading class java/io/UTFDataFormatException done
Event: 166.480 Loading class java/nio/channels/Channels$ReadableByteChannelImpl
Event: 166.481 Loading class java/nio/channels/Channels$ReadableByteChannelImpl done
Event: 166.488 Loading class java/nio/channels/NonWritableChannelException
Event: 166.488 Loading class java/nio/channels/NonWritableChannelException done
Event: 170.255 Loading class java/text/StringCharacterIterator
Event: 170.255 Loading class java/text/StringCharacterIterator done
Event: 170.911 Loading class java/util/AbstractList$SubList
Event: 170.912 Loading class java/util/AbstractList$SubList done
Event: 170.912 Loading class java/util/AbstractList$SubList$1
Event: 170.912 Loading class java/util/AbstractList$SubList$1 done
Event: 172.950 Loading class java/util/AbstractList$RandomAccessSubList
Event: 172.950 Loading class java/util/AbstractList$RandomAccessSubList done

Classes unloaded (20 events):
Event: 60.947 Thread 0x000002094ff92cb0 Unloading class 0x00000209517dc400 'java/lang/invoke/LambdaForm$DMH+0x00000209517dc400'
Event: 145.624 Thread 0x000002094ff92cb0 Unloading class 0x000002095190ebd0 '_BuildScript_$_run_closure2$_closure6'
Event: 145.624 Thread 0x000002094ff92cb0 Unloading class 0x000002095190e7e0 '_BuildScript_$_run_closure2$_closure5'
Event: 145.624 Thread 0x000002094ff92cb0 Unloading class 0x000002095190e3f0 '_BuildScript_$_run_closure2$_closure4'
Event: 145.624 Thread 0x000002094ff92cb0 Unloading class 0x000002095190e000 '_BuildScript_$_run_closure2'
Event: 145.624 Thread 0x000002094ff92cb0 Unloading class 0x000002095190d918 '_BuildScript_$_run_closure1$_closure3'
Event: 145.624 Thread 0x000002094ff92cb0 Unloading class 0x000002095190d528 '_BuildScript_$_run_closure1'
Event: 145.624 Thread 0x000002094ff92cb0 Unloading class 0x000002095190d000 '_BuildScript_'
Event: 145.624 Thread 0x000002094ff92cb0 Unloading class 0x0000020951902fc0 '_BuildScript_$_run_closure3'
Event: 145.624 Thread 0x000002094ff92cb0 Unloading class 0x0000020951902bd0 '_BuildScript_$_run_closure2$_closure11'
Event: 145.624 Thread 0x000002094ff92cb0 Unloading class 0x00000209519027e0 '_BuildScript_$_run_closure2'
Event: 145.624 Thread 0x000002094ff92cb0 Unloading class 0x00000209519023f0 '_BuildScript_$_run_closure1$_closure8$_closure10'
Event: 145.624 Thread 0x000002094ff92cb0 Unloading class 0x0000020951902000 '_BuildScript_$_run_closure1$_closure8'
Event: 145.624 Thread 0x000002094ff92cb0 Unloading class 0x0000020951901bd0 '_BuildScript_$_run_closure1$_closure7'
Event: 145.624 Thread 0x000002094ff92cb0 Unloading class 0x00000209519017e0 '_BuildScript_$_run_closure1$_closure6'
Event: 145.624 Thread 0x000002094ff92cb0 Unloading class 0x00000209519013f0 '_BuildScript_$_run_closure1$_closure5$_closure9'
Event: 145.624 Thread 0x000002094ff92cb0 Unloading class 0x0000020951901000 '_BuildScript_$_run_closure1$_closure5'
Event: 145.624 Thread 0x000002094ff92cb0 Unloading class 0x0000020951900948 '_BuildScript_$_run_closure1$_closure4'
Event: 145.624 Thread 0x000002094ff92cb0 Unloading class 0x0000020951900558 '_BuildScript_$_run_closure1'
Event: 145.624 Thread 0x000002094ff92cb0 Unloading class 0x0000020951900000 '_BuildScript_'

Classes redefined (0 events):
No events

Internal exceptions (20 events):
Event: 204.930 Thread 0x0000020970aad2f0 Exception <a 'java/io/IOException'{0x00000000efcc5f48}> (0x00000000efcc5f48) 
thrown [s\src\hotspot\share\prims\jni.cpp, line 520]
Event: 205.317 Thread 0x0000020969096570 Exception <a 'sun/nio/fs/WindowsException'{0x00000000ef52f540}> (0x00000000ef52f540) 
thrown [s\src\hotspot\share\prims\jni.cpp, line 520]
Event: 205.317 Thread 0x0000020969096570 Exception <a 'sun/nio/fs/WindowsException'{0x00000000ef530930}> (0x00000000ef530930) 
thrown [s\src\hotspot\share\prims\jni.cpp, line 520]
Event: 205.318 Thread 0x0000020969096570 Exception <a 'sun/nio/fs/WindowsException'{0x00000000ef531d10}> (0x00000000ef531d10) 
thrown [s\src\hotspot\share\prims\jni.cpp, line 520]
Event: 205.319 Thread 0x0000020969096570 Exception <a 'sun/nio/fs/WindowsException'{0x00000000ef5330d0}> (0x00000000ef5330d0) 
thrown [s\src\hotspot\share\prims\jni.cpp, line 520]
Event: 205.764 Thread 0x00000209701a0070 Exception <a 'java/io/IOException'{0x00000000ee04deb0}> (0x00000000ee04deb0) 
thrown [s\src\hotspot\share\prims\jni.cpp, line 520]
Event: 206.121 Thread 0x0000020969096570 Exception <a 'sun/nio/fs/WindowsException'{0x00000000edae3bd0}> (0x00000000edae3bd0) 
thrown [s\src\hotspot\share\prims\jni.cpp, line 520]
Event: 206.122 Thread 0x0000020969096570 Exception <a 'sun/nio/fs/WindowsException'{0x00000000edae4fc0}> (0x00000000edae4fc0) 
thrown [s\src\hotspot\share\prims\jni.cpp, line 520]
Event: 206.123 Thread 0x0000020969096570 Exception <a 'sun/nio/fs/WindowsException'{0x00000000edae63a0}> (0x00000000edae63a0) 
thrown [s\src\hotspot\share\prims\jni.cpp, line 520]
Event: 206.124 Thread 0x0000020969096570 Exception <a 'sun/nio/fs/WindowsException'{0x00000000edae7760}> (0x00000000edae7760) 
thrown [s\src\hotspot\share\prims\jni.cpp, line 520]
Event: 206.542 Thread 0x0000020970aaab90 Exception <a 'java/io/IOException'{0x00000000ec44b4d8}> (0x00000000ec44b4d8) 
thrown [s\src\hotspot\share\prims\jni.cpp, line 520]
Event: 206.812 Thread 0x0000020969096570 Exception <a 'sun/nio/fs/WindowsException'{0x00000000ebedb6b8}> (0x00000000ebedb6b8) 
thrown [s\src\hotspot\share\prims\jni.cpp, line 520]
Event: 206.812 Thread 0x0000020969096570 Exception <a 'sun/nio/fs/WindowsException'{0x00000000ebedcaa8}> (0x00000000ebedcaa8) 
thrown [s\src\hotspot\share\prims\jni.cpp, line 520]
Event: 206.813 Thread 0x0000020969096570 Exception <a 'sun/nio/fs/WindowsException'{0x00000000ebedde88}> (0x00000000ebedde88) 
thrown [s\src\hotspot\share\prims\jni.cpp, line 520]
Event: 206.813 Thread 0x0000020969096570 Exception <a 'sun/nio/fs/WindowsException'{0x00000000ebedf248}> (0x00000000ebedf248) 
thrown [s\src\hotspot\share\prims\jni.cpp, line 520]
Event: 207.172 Thread 0x00000209701a0070 Exception <a 'java/io/IOException'{0x00000000ea9c4d30}> (0x00000000ea9c4d30) 
thrown [s\src\hotspot\share\prims\jni.cpp, line 520]
Event: 207.553 Thread 0x0000020969096570 Exception <a 'sun/nio/fs/WindowsException'{0x00000000ea270e18}> (0x00000000ea270e18) 
thrown [s\src\hotspot\share\prims\jni.cpp, line 520]
Event: 207.554 Thread 0x0000020969096570 Exception <a 'sun/nio/fs/WindowsException'{0x00000000ea272208}> (0x00000000ea272208) 
thrown [s\src\hotspot\share\prims\jni.cpp, line 520]
Event: 207.555 Thread 0x0000020969096570 Exception <a 'sun/nio/fs/WindowsException'{0x00000000ea2735e8}> (0x00000000ea2735e8) 
thrown [s\src\hotspot\share\prims\jni.cpp, line 520]
Event: 207.556 Thread 0x0000020969096570 Exception <a 'sun/nio/fs/WindowsException'{0x00000000ea2749a8}> (0x00000000ea2749a8) 
thrown [s\src\hotspot\share\prims\jni.cpp, line 520]

ZGC Phase Switch (0 events):
No events

VM Operations (20 events):
Event: 200.133 Executing safepoint VM operation: G1CollectForAllocation (G1 Evacuation Pause)
Event: 200.141 Executing safepoint VM operation: G1CollectForAllocation (G1 Evacuation Pause) done
Event: 200.276 Executing safepoint VM operation: G1PauseRemark
Event: 200.302 Executing safepoint VM operation: G1PauseRemark done
Event: 200.365 Executing safepoint VM operation: G1PauseCleanup
Event: 200.366 Executing safepoint VM operation: G1PauseCleanup done
Event: 201.377 Executing safepoint VM operation: Cleanup
Event: 201.377 Executing safepoint VM operation: Cleanup done
Event: 202.387 Executing safepoint VM operation: Cleanup
Event: 202.387 Executing safepoint VM operation: Cleanup done
Event: 203.394 Executing safepoint VM operation: Cleanup
Event: 203.394 Executing safepoint VM operation: Cleanup done
Event: 204.338 Executing safepoint VM operation: G1CollectForAllocation (G1 Evacuation Pause)
Event: 204.349 Executing safepoint VM operation: G1CollectForAllocation (G1 Evacuation Pause) done
Event: 205.353 Executing safepoint VM operation: Cleanup
Event: 205.353 Executing safepoint VM operation: Cleanup done
Event: 206.362 Executing safepoint VM operation: Cleanup
Event: 206.362 Executing safepoint VM operation: Cleanup done
Event: 207.373 Executing safepoint VM operation: Cleanup
Event: 207.373 Executing safepoint VM operation: Cleanup done

Memory protections (0 events):
No events

Nmethod flushes (20 events):
Event: 200.298 Thread 0x000002094ff92cb0 flushing  nmethod 0x000002093e8ad790
Event: 200.298 Thread 0x000002094ff92cb0 flushing  nmethod 0x000002093e8af710
Event: 200.298 Thread 0x000002094ff92cb0 flushing  nmethod 0x000002093e9cf610
Event: 200.298 Thread 0x000002094ff92cb0 flushing  nmethod 0x000002093eae2f10
Event: 200.298 Thread 0x000002094ff92cb0 flushing  nmethod 0x000002093eae6010
Event: 200.298 Thread 0x000002094ff92cb0 flushing  nmethod 0x000002093eaed010
Event: 200.298 Thread 0x000002094ff92cb0 flushing  nmethod 0x000002093ec18890
Event: 200.298 Thread 0x000002094ff92cb0 flushing  nmethod 0x000002093edee690
Event: 200.298 Thread 0x000002094ff92cb0 flushing  nmethod 0x000002093f131990
Event: 200.298 Thread 0x000002094ff92cb0 flushing  nmethod 0x000002093f272010
Event: 200.298 Thread 0x000002094ff92cb0 flushing  nmethod 0x000002093f414390
Event: 200.298 Thread 0x000002094ff92cb0 flushing  nmethod 0x000002093f418710
Event: 200.298 Thread 0x000002094ff92cb0 flushing  nmethod 0x000002093f5d7790
Event: 200.298 Thread 0x000002094ff92cb0 flushing  nmethod 0x000002093f5da810
Event: 200.298 Thread 0x000002094ff92cb0 flushing  nmethod 0x000002093f5f0d90
Event: 200.298 Thread 0x000002094ff92cb0 flushing  nmethod 0x000002093f637d90
Event: 200.298 Thread 0x000002094ff92cb0 flushing  nmethod 0x000002093f784790
Event: 200.298 Thread 0x000002094ff92cb0 flushing  nmethod 0x000002093f791b10
Event: 200.298 Thread 0x000002094ff92cb0 flushing  nmethod 0x000002093f83d410
Event: 200.298 Thread 0x000002094ff92cb0 flushing  nmethod 0x000002093fda7d90

Events (20 events):
Event: 207.456 Thread 0x000002096ad40a80 Thread added: 0x0000020970aa7da0
Event: 207.469 Thread 0x0000020969096570 Thread added: 0x0000020970aa8430
Event: 207.469 Thread 0x0000020969096570 Thread added: 0x0000020970aa8ac0
Event: 207.470 Thread 0x0000020969096570 Thread added: 0x0000020970aaa500
Event: 207.484 Thread 0x0000020969096570 Thread added: 0x0000020970aa9e70
Event: 207.497 Thread 0x0000020969096570 Thread added: 0x0000020970aa97e0
Event: 207.526 Thread 0x0000020969096570 Thread added: 0x0000020970aa9150
Event: 207.536 Thread 0x0000020969096570 Thread added: 0x0000020970aa7080
Event: 207.545 Thread 0x0000020969096570 Thread added: 0x0000020970aac5d0
Event: 207.704 Thread 0x0000020969096570 Thread added: 0x0000020970aae010
Event: 207.704 Thread 0x0000020969096570 Thread added: 0x0000020970aab220
Event: 207.704 Thread 0x0000020969096570 Thread added: 0x0000020970aaab90
Event: 207.705 Thread 0x0000020969096570 Thread added: 0x0000020970aabf40
Event: 207.705 Thread 0x0000020969096570 Thread added: 0x0000020970aacc60
Event: 207.706 Thread 0x0000020969096570 Thread added: 0x0000020970aad2f0
Event: 207.706 Thread 0x0000020969096570 Thread added: 0x0000020970aae6a0
Event: 207.706 Thread 0x0000020969096570 Thread added: 0x0000020970aad980
Event: 207.707 Thread 0x0000020969096570 Thread added: 0x000002097019d910
Event: 207.707 Thread 0x0000020969096570 Thread added: 0x000002097019b840
Event: 207.707 Thread 0x0000020969096570 Thread added: 0x000002097019d280


Dynamic libraries:
0x00007ff7bb6e0000 - 0x00007ff7bb6ee000 	C:\Users\ejans\.vscode\extensions\redhat.java-1.53.0-win32-x64\jre\21.0.10-win32-x86_64\bin\java.exe
0x00007ffce09c0000 - 0x00007ffce0c28000 	C:\WINDOWS\SYSTEM32\ntdll.dll
0x00007ffcdeff0000 - 0x00007ffcdf0b9000 	C:\WINDOWS\System32\KERNEL32.DLL
0x00007ffcde210000 - 0x00007ffcde601000 	C:\WINDOWS\System32\KERNELBASE.dll
0x00007ffcde610000 - 0x00007ffcde75b000 	C:\WINDOWS\System32\ucrtbase.dll
0x00007ffcd81e0000 - 0x00007ffcd81fe000 	C:\Users\ejans\.vscode\extensions\redhat.java-1.53.0-win32-x64\jre\21.0.10-win32-x86_64\bin\VCRUNTIME140.dll
0x00007ffcd8230000 - 0x00007ffcd8248000 	C:\Users\ejans\.vscode\extensions\redhat.java-1.53.0-win32-x64\jre\21.0.10-win32-x86_64\bin\jli.dll
0x00007ffce0190000 - 0x00007ffce0356000 	C:\WINDOWS\System32\USER32.dll
0x00007ffcde150000 - 0x00007ffcde177000 	C:\WINDOWS\System32\win32u.dll
0x00007ffcc77c0000 - 0x00007ffcc7a53000 	C:\WINDOWS\WinSxS\amd64_microsoft.windows.common-controls_6595b64144ccf1df_6.0.26100.7824_none_3e0870b2e3345462\COMCTL32.dll
0x00007ffcdfae0000 - 0x00007ffcdfb0b000 	C:\WINDOWS\System32\GDI32.dll
0x00007ffce0770000 - 0x00007ffce0819000 	C:\WINDOWS\System32\msvcrt.dll
0x00007ffcdd360000 - 0x00007ffcdd48b000 	C:\WINDOWS\System32\gdi32full.dll
0x00007ffcdd6b0000 - 0x00007ffcdd753000 	C:\WINDOWS\System32\msvcp_win.dll
0x00007ffce0940000 - 0x00007ffce0971000 	C:\WINDOWS\System32\IMM32.DLL
0x00007ffcda2b0000 - 0x00007ffcda2bc000 	C:\Users\ejans\.vscode\extensions\redhat.java-1.53.0-win32-x64\jre\21.0.10-win32-x86_64\bin\vcruntime140_1.dll
0x00007ffcb96e0000 - 0x00007ffcb976d000 	C:\Users\ejans\.vscode\extensions\redhat.java-1.53.0-win32-x64\jre\21.0.10-win32-x86_64\bin\msvcp140.dll
0x00007ffc0b2f0000 - 0x00007ffc0c091000 	C:\Users\ejans\.vscode\extensions\redhat.java-1.53.0-win32-x64\jre\21.0.10-win32-x86_64\bin\server\jvm.dll
0x00007ffcdf880000 - 0x00007ffcdf934000 	C:\WINDOWS\System32\ADVAPI32.dll
0x00007ffcdfd30000 - 0x00007ffcdfdd6000 	C:\WINDOWS\System32\sechost.dll
0x00007ffce0820000 - 0x00007ffce0938000 	C:\WINDOWS\System32\RPCRT4.dll
0x00007ffce0540000 - 0x00007ffce05b4000 	C:\WINDOWS\System32\WS2_32.dll
0x00007ffcdd100000 - 0x00007ffcdd15e000 	C:\WINDOWS\SYSTEM32\POWRPROF.dll
0x00007ffcdb290000 - 0x00007ffcdb2c5000 	C:\WINDOWS\SYSTEM32\WINMM.dll
0x00007ffcd6650000 - 0x00007ffcd665b000 	C:\WINDOWS\SYSTEM32\VERSION.dll
0x00007ffcdd0e0000 - 0x00007ffcdd0f4000 	C:\WINDOWS\SYSTEM32\UMPDC.dll
0x00007ffcdc040000 - 0x00007ffcdc05b000 	C:\WINDOWS\SYSTEM32\kernel.appcore.dll
0x00007ffcd8220000 - 0x00007ffcd822a000 	C:\Users\ejans\.vscode\extensions\redhat.java-1.53.0-win32-x64\jre\21.0.10-win32-x86_64\bin\jimage.dll
0x00007ffcdafb0000 - 0x00007ffcdb1f2000 	C:\WINDOWS\SYSTEM32\DBGHELP.DLL
0x00007ffcde7d0000 - 0x00007ffcdeb56000 	C:\WINDOWS\System32\combase.dll
0x00007ffcdffb0000 - 0x00007ffce0087000 	C:\WINDOWS\System32\OLEAUT32.dll
0x00007ffcdb250000 - 0x00007ffcdb28b000 	C:\WINDOWS\SYSTEM32\dbgcore.DLL
0x00007ffcdd490000 - 0x00007ffcdd535000 	C:\WINDOWS\System32\bcryptPrimitives.dll
0x00007ffcd65b0000 - 0x00007ffcd65bf000 	C:\Users\ejans\.vscode\extensions\redhat.java-1.53.0-win32-x64\jre\21.0.10-win32-x86_64\bin\instrument.dll
0x00007ffcd81c0000 - 0x00007ffcd81e0000 	C:\Users\ejans\.vscode\extensions\redhat.java-1.53.0-win32-x64\jre\21.0.10-win32-x86_64\bin\java.dll
0x00007ffcdf120000 - 0x00007ffcdf872000 	C:\WINDOWS\System32\SHELL32.dll
0x00007ffcdd540000 - 0x00007ffcdd6aa000 	C:\WINDOWS\System32\wintypes.dll
0x00007ffcdd760000 - 0x00007ffcddfc3000 	C:\WINDOWS\System32\windows.storage.dll
0x00007ffcdf9d0000 - 0x00007ffcdfac6000 	C:\WINDOWS\System32\SHCORE.dll
0x00007ffcdfe60000 - 0x00007ffcdfec7000 	C:\WINDOWS\System32\shlwapi.dll
0x00007ffcdd1c0000 - 0x00007ffcdd1e9000 	C:\WINDOWS\SYSTEM32\profapi.dll
0x00007ffcd81a0000 - 0x00007ffcd81b8000 	C:\Users\ejans\.vscode\extensions\redhat.java-1.53.0-win32-x64\jre\21.0.10-win32-x86_64\bin\zip.dll
0x00007ffcd8190000 - 0x00007ffcd81a0000 	C:\Users\ejans\.vscode\extensions\redhat.java-1.53.0-win32-x64\jre\21.0.10-win32-x86_64\bin\net.dll
0x00007ffcd27b0000 - 0x00007ffcd28d7000 	C:\WINDOWS\SYSTEM32\WINHTTP.dll
0x00007ffcdc5b0000 - 0x00007ffcdc61b000 	C:\WINDOWS\system32\mswsock.dll
0x00007ffcd8170000 - 0x00007ffcd8186000 	C:\Users\ejans\.vscode\extensions\redhat.java-1.53.0-win32-x64\jre\21.0.10-win32-x86_64\bin\nio.dll
0x00007ffcd2030000 - 0x00007ffcd2040000 	C:\Users\ejans\.vscode\extensions\redhat.java-1.53.0-win32-x64\jre\21.0.10-win32-x86_64\bin\verify.dll
0x00007ffcd1890000 - 0x00007ffcd18b7000 	C:\Users\ejans\.gradle\native\c067742578af261105cb4f569cf0c3c89f3d7b1fecec35dd04571415982c5e48\windows-amd64\native-platform.dll
0x00007ffcb1260000 - 0x00007ffcb13a4000 	C:\Users\ejans\.gradle\native\100fb08df4bc3b14c8652ba06237920a3bd2aa13389f12d3474272988ae205f9\windows-amd64\native-platform-file-events.dll
0x00007ffcda180000 - 0x00007ffcda18a000 	C:\Users\ejans\.vscode\extensions\redhat.java-1.53.0-win32-x64\jre\21.0.10-win32-x86_64\bin\management.dll
0x00007ffcd8260000 - 0x00007ffcd826c000 	C:\Users\ejans\.vscode\extensions\redhat.java-1.53.0-win32-x64\jre\21.0.10-win32-x86_64\bin\management_ext.dll
0x00007ffcde760000 - 0x00007ffcde768000 	C:\WINDOWS\System32\PSAPI.DLL
0x00007ffcdc880000 - 0x00007ffcdc89b000 	C:\WINDOWS\SYSTEM32\CRYPTSP.dll
0x00007ffcdbfa0000 - 0x00007ffcdbfd9000 	C:\WINDOWS\system32\rsaenh.dll
0x00007ffcdc660000 - 0x00007ffcdc68b000 	C:\WINDOWS\SYSTEM32\USERENV.dll
0x00007ffcdd190000 - 0x00007ffcdd1ba000 	C:\WINDOWS\SYSTEM32\bcrypt.dll
0x00007ffcdc8a0000 - 0x00007ffcdc8ac000 	C:\WINDOWS\SYSTEM32\CRYPTBASE.dll
0x00007ffcdbab0000 - 0x00007ffcdbae4000 	C:\WINDOWS\SYSTEM32\IPHLPAPI.DLL
0x00007ffcde7c0000 - 0x00007ffcde7ca000 	C:\WINDOWS\System32\NSI.dll
0x00007ffcd2050000 - 0x00007ffcd2059000 	C:\Users\ejans\.vscode\extensions\redhat.java-1.53.0-win32-x64\jre\21.0.10-win32-x86_64\bin\extnet.dll
0x00007ffcd8250000 - 0x00007ffcd825e000 	C:\Users\ejans\.vscode\extensions\redhat.java-1.53.0-win32-x64\jre\21.0.10-win32-x86_64\bin\sunmscapi.dll
0x00007ffcddfd0000 - 0x00007ffcde147000 	C:\WINDOWS\System32\CRYPT32.dll
0x00007ffcdcaa0000 - 0x00007ffcdcad0000 	C:\WINDOWS\SYSTEM32\ncrypt.dll
0x00007ffcdca50000 - 0x00007ffcdca8f000 	C:\WINDOWS\SYSTEM32\NTASN1.dll
0x00007ffca28a0000 - 0x00007ffca28a8000 	C:\WINDOWS\system32\wshunix.dll
0x00007ffcdbb50000 - 0x00007ffcdbc7c000 	C:\WINDOWS\SYSTEM32\DNSAPI.dll
0x00007ffccf9b0000 - 0x00007ffccf9bb000 	C:\Windows\System32\rasadhlp.dll
0x00007ffcd01b0000 - 0x00007ffcd0236000 	C:\WINDOWS\System32\fwpuclnt.dll

JVMTI agents:
C:\Users\ejans\.gradle\wrapper\dists\gradle-8.9-bin\90cnw93cvbtalezasaz0blq0a\gradle-8.9\lib\agents\gradle-instrumentation-agent-8.9.jar path:C:\Users\ejans\.vscode\extensions\redhat.java-1.53.0-win32-x64\jre\21.0.10-win32-x86_64\bin\instrument.dll, loaded, initialized, instrumentlib options:none

dbghelp: loaded successfully - version: 4.0.5 - missing functions: none
symbol engine: initialized successfully - sym options: 0x614 - pdb path: .;C:\Users\ejans\.vscode\extensions\redhat.java-1.53.0-win32-x64\jre\21.0.10-win32-x86_64\bin;C:\WINDOWS\SYSTEM32;C:\WINDOWS\WinSxS\amd64_microsoft.windows.common-controls_6595b64144ccf1df_6.0.26100.7824_none_3e0870b2e3345462;C:\Users\ejans\.vscode\extensions\redhat.java-1.53.0-win32-x64\jre\21.0.10-win32-x86_64\bin\server;C:\Users\ejans\.gradle\native\c067742578af261105cb4f569cf0c3c89f3d7b1fecec35dd04571415982c5e48\windows-amd64;C:\Users\ejans\.gradle\native\100fb08df4bc3b14c8652ba06237920a3bd2aa13389f12d3474272988ae205f9\windows-amd64

VM Arguments:
jvm_args: --add-opens=java.base/java.util=ALL-UNNAMED --add-opens=java.base/java.lang=ALL-UNNAMED --add-opens=java.base/java.lang.invoke=ALL-UNNAMED --add-opens=java.prefs/java.util.prefs=ALL-UNNAMED --add-exports=jdk.compiler/com.sun.tools.javac.api=ALL-UNNAMED --add-exports=jdk.compiler/com.sun.tools.javac.util=ALL-UNNAMED --add-opens=java.base/java.nio.charset=ALL-UNNAMED --add-opens=java.base/java.net=ALL-UNNAMED --add-opens=java.base/java.util.concurrent.atomic=ALL-UNNAMED -XX:MaxMetaspaceSize=384m -XX:+HeapDumpOnOutOfMemoryError -Xms256m -Xmx512m -Dfile.encoding=utf8 -Duser.country=US -Duser.language=en -Duser.variant -javaagent:C:\Users\ejans\.gradle\wrapper\dists\gradle-8.9-bin\90cnw93cvbtalezasaz0blq0a\gradle-8.9\lib\agents\gradle-instrumentation-agent-8.9.jar 
java_command: org.gradle.launcher.daemon.bootstrap.GradleDaemon 8.9
java_class_path (initial): C:\Users\ejans\.gradle\wrapper\dists\gradle-8.9-bin\90cnw93cvbtalezasaz0blq0a\gradle-8.9\lib\gradle-daemon-main-8.9.jar
Launcher Type: SUN_STANDARD

[Global flags]
     intx CICompilerCount                          = 4                                         {product} {ergonomic}
   size_t CompressedClassSpaceSize                 = 335544320                                 {product} {ergonomic}
     uint ConcGCThreads                            = 3                                         {product} {ergonomic}
     uint G1ConcRefinementThreads                  = 10                                        {product} {ergonomic}
   size_t G1HeapRegionSize                         = 1048576                                   {product} {ergonomic}
    uintx GCDrainStackTargetSize                   = 64                                        {product} {ergonomic}
     bool HeapDumpOnOutOfMemoryError               = true                                   {manageable} {command line}
   size_t InitialHeapSize                          = 268435456                                 {product} {command line}
   size_t MarkStackSize                            = 4194304                                   {product} {ergonomic}
   size_t MaxHeapSize                              = 536870912                                 {product} {command line}
   size_t MaxMetaspaceSize                         = 402653184                                 {product} {command line}
   size_t MaxNewSize                               = 321912832                                 {product} {ergonomic}
   size_t MinHeapDeltaBytes                        = 1048576                                   {product} {ergonomic}
   size_t MinHeapSize                              = 268435456                                 {product} {command line}
    uintx NonNMethodCodeHeapSize                   = 5839372                                {pd product} {ergonomic}
    uintx NonProfiledCodeHeapSize                  = 122909434                              {pd product} {ergonomic}
    uintx ProfiledCodeHeapSize                     = 122909434                              {pd product} {ergonomic}
    uintx ReservedCodeCacheSize                    = 251658240                              {pd product} {ergonomic}
     bool SegmentedCodeCache                       = true                                      {product} {ergonomic}
   size_t SoftMaxHeapSize                          = 536870912                              {manageable} {ergonomic}
     bool UseCompressedOops                        = true                           {product lp64_product} {ergonomic}
     bool UseG1GC                                  = true                                      {product} {ergonomic}
     bool UseLargePagesIndividualAllocation        = false                                  {pd product} {ergonomic}

Logging:
Log output configuration:
 #0: stdout all=warning uptime,level,tags foldmultilines=false
 #1: stderr all=off uptime,level,tags foldmultilines=false

Release file:
JAVA_VERSION="21.0.10" 
MODULES="java.base java.compiler java.datatransfer java.xml java.prefs java.desktop java.instrument java.logging java.management java.security.sasl java.naming java.rmi java.management.rmi java.net.http java.scripting java.security.jgss java.transaction.xa java.sql java.sql.rowset java.xml.crypto java.se java.smartcardio jdk.accessibility jdk.internal.jvmstat jdk.attach jdk.charsets jdk.internal.opt jdk.zipfs jdk.compiler jdk.crypto.ec jdk.crypto.cryptoki jdk.crypto.mscapi jdk.dynalink jdk.internal.ed jdk.editpad jdk.hotspot.agent jdk.httpserver jdk.internal.le jdk.internal.vm.ci jdk.internal.vm.compiler jdk.internal.vm.compiler.management jdk.jartool jdk.javadoc jdk.jcmd jdk.management jdk.management.agent jdk.jconsole jdk.jdeps jdk.jdwp.agent jdk.jdi jdk.jfr jdk.jshell jdk.jsobject jdk.jstatd jdk.localedata jdk.management.jfr jdk.naming.dns jdk.naming.rmi jdk.net jdk.nio.mapmode jdk.random jdk.sctp jdk.security.auth jdk.security.jgss jdk.unsupported jdk.unsupported.desktop jdk.xml.dom" 

Environment Variables:
JAVA_HOME=C:\Program Files\Java\jdk-19
PATH=C:\Users\ejans\AppData\Local\Programs\Microsoft VS Code;C:\Python314\Scripts\;C:\Python314\;C:\Program Files (x86)\NVIDIA Corporation\PhysX\Common;C:\Program Files\Common Files\Oracle\Java\javapath;C:\Program Files (x86)\Common Files\Oracle\Java\java8path;C:\Program Files (x86)\Common Files\Oracle\Java\javapath;C:\WINDOWS\system32;C:\WINDOWS;C:\WINDOWS\System32\Wbem;C:\WINDOWS\System32\WindowsPowerShell\v1.0\;C:\WINDOWS\System32\OpenSSH\;C:\Program Files (x86)\Microsoft SQL Server\160\Tools\Binn\;C:\Program Files\Microsoft SQL Server\160\Tools\Binn\;C:\Program Files\Microsoft SQL Server\Client SDK\ODBC\170\Tools\Binn\;C:\Program Files\Microsoft SQL Server\160\DTS\Binn\;C:\Program Files\dotnet\;C:\Program Files\Git\cmd;C:\Program Files\MySQL\MySQL Server 8.0\bin;C:\ProgramData\chocolatey\bin;C:\Program Files\nodejs\;C:\Users\ejans\AppData\Local\Programs\Python\Python313\Scripts\;C:\Users\ejans\AppData\Local\Programs\Python\Python313\;C:\Users\ejans\AppData\Local\Microsoft\WindowsApps;C:\Users\ejans\AppData\Local\Programs\Microsoft VS Code\bin;C:\Program Files\Azure Data Studio\bin;C:\Users\ejans\.dotnet\tools;C:\ffmpeg-2026-01-14-git-6c878f8b82-essentials_build\bin;C:\Users\ejans\AppData\Roaming\npm
USERNAME=EJ.QUI
OS=Windows_NT
PROCESSOR_IDENTIFIER=AMD64 Family 23 Model 104 Stepping 1, AuthenticAMD
TMP=C:\Users\ejans\AppData\Local\Temp
TEMP=C:\Users\ejans\AppData\Local\Temp




Periodic native trim disabled

---------------  S Y S T E M  ---------------

OS:
 Windows 11 , 64 bit Build 26100 (10.0.26100.7705)
OS uptime: 0 days 8:38 hours

CPU: total 12 (initial active 12) (12 cores per cpu, 2 threads per core) family 23 model 104 stepping 1 microcode 0x8608103, cx8, cmov, fxsr, ht, mmx, 3dnowpref, sse, sse2, sse3, ssse3, sse4a, sse4.1, sse4.2, popcnt, lzcnt, tsc, tscinvbit, avx, avx2, aes, clmul, bmi1, bmi2, adx, sha, fma, vzeroupper, clflush, clflushopt, rdtscp, rdpid, f16c
Processor Information for the first 12 processors :
  Max Mhz: 2100, Current Mhz: 2100, Mhz Limit: 2100

Memory: 4k page, system-wide physical 18277M (2443M free)
TotalPageFile size 24578M (AvailPageFile size 3M)
current process WorkingSet (physical memory assigned to process): 695M, peak: 722M
current process commit charge ("private bytes"): 729M, peak: 759M

vm_info: OpenJDK 64-Bit Server VM (21.0.10+7-LTS) for windows-amd64 JRE (21.0.10+7-LTS), built on 2026-01-20T00:00:00Z by "admin" with MS VC++ 17.12 (VS2022)

END.
